<?xml version="1.0" encoding="UTF-8"?>
<testsuite name="com.amazon.ata.kindlepublishingservice.mastery.mt4.MasteryTaskFourSubmitBookForPublishingTests" tests="2" skipped="0" failures="0" errors="0" timestamp="2022-06-02T19:10:23" hostname="eb1228msus-MBP" time="45.222">
  <properties/>
  <testcase name="submitBookForPublishing_existingBookId_publishesAndCreatesNewBookVersion()" classname="com.amazon.ata.kindlepublishingservice.mastery.mt4.MasteryTaskFourSubmitBookForPublishingTests" time="22.888"/>
  <testcase name="submitBookForPublishing_noBookId_publishesAndCreatesNewBook()" classname="com.amazon.ata.kindlepublishingservice.mastery.mt4.MasteryTaskFourSubmitBookForPublishingTests" time="22.333"/>
  <system-out><![CDATA[12:10:22.654 [Test worker] DEBUG com.amazonaws.AmazonWebServiceClient - Internal logging successfully configured to commons logger: true
12:10:22.750 [Test worker] DEBUG com.amazonaws.metrics.AwsSdkMetrics - Admin mbean registered under com.amazonaws.management:type=AwsSdkMetrics
12:10:23.014 [Test worker] DEBUG com.amazonaws.monitoring.CsmConfigurationProviderChain - Unable to load configuration from com.amazonaws.monitoring.EnvironmentVariableCsmConfigurationProvider@58855d42: Unable to load Client Side Monitoring configurations from environment variables!
12:10:23.013 [java-sdk-http-connection-reaper] DEBUG org.apache.http.impl.conn.PoolingHttpClientConnectionManager - Closing connections idle longer than 60000 MILLISECONDS
12:10:23.014 [Test worker] DEBUG com.amazonaws.monitoring.CsmConfigurationProviderChain - Unable to load configuration from com.amazonaws.monitoring.SystemPropertyCsmConfigurationProvider@519ea760: Unable to load Client Side Monitoring configurations from system properties variables!
12:10:23.015 [Test worker] DEBUG com.amazonaws.monitoring.CsmConfigurationProviderChain - Unable to load configuration from com.amazonaws.monitoring.ProfileCsmConfigurationProvider@667fe434: The 'default' profile does not define all the required properties!
12:10:23.192 [Test worker] DEBUG com.amazonaws.monitoring.CsmConfigurationProviderChain - Unable to load configuration from com.amazonaws.monitoring.EnvironmentVariableCsmConfigurationProvider@58855d42: Unable to load Client Side Monitoring configurations from environment variables!
12:10:23.192 [Test worker] DEBUG com.amazonaws.monitoring.CsmConfigurationProviderChain - Unable to load configuration from com.amazonaws.monitoring.SystemPropertyCsmConfigurationProvider@519ea760: Unable to load Client Side Monitoring configurations from system properties variables!
12:10:23.192 [Test worker] DEBUG com.amazonaws.monitoring.CsmConfigurationProviderChain - Unable to load configuration from com.amazonaws.monitoring.ProfileCsmConfigurationProvider@667fe434: The 'default' profile does not define all the required properties!
BookPublishingTask is running!!!
12:10:23.361 [Test worker] DEBUG com.amazonaws.auth.AWSCredentialsProviderChain - Unable to load credentials from EnvironmentVariableCredentialsProvider: Unable to load AWS credentials from environment variables (AWS_ACCESS_KEY_ID (or AWS_ACCESS_KEY) and AWS_SECRET_KEY (or AWS_SECRET_ACCESS_KEY))
12:10:23.361 [Test worker] DEBUG com.amazonaws.auth.AWSCredentialsProviderChain - Unable to load credentials from SystemPropertiesCredentialsProvider: Unable to load AWS credentials from Java system properties (aws.accessKeyId and aws.secretKey)
12:10:23.361 [Test worker] DEBUG com.amazonaws.auth.AWSCredentialsProviderChain - Unable to load credentials from WebIdentityTokenCredentialsProvider: To use assume role profiles the aws-java-sdk-sts module must be on the class path.
12:10:23.364 [Test worker] DEBUG com.amazonaws.auth.AWSCredentialsProviderChain - Loading credentials from com.amazonaws.auth.profile.ProfileCredentialsProvider@4272bd10
12:10:23.369 [Test worker] DEBUG com.amazonaws.request - Sending Request: POST https://dynamodb.us-west-2.amazonaws.com / Headers: (amz-sdk-invocation-id: b235755b-ff48-621b-2331-65d0ce274b8f, Content-Length: 403, Content-Type: application/x-amz-json-1.0, User-Agent: aws-sdk-java/1.11.1020 Mac_OS_X/11.6.4 OpenJDK_64-Bit_Server_VM/11.0.13+8-LTS java/11.0.13 vendor/Amazon.com_Inc. cfg/retry-mode/legacy com.amazonaws.services.dynamodbv2.datamodeling.DynamoDBMapper/1.11.1020, X-Amz-Target: DynamoDB_20120810.UpdateItem, ) 
12:10:23.425 [Test worker] DEBUG com.amazonaws.auth.AWS4Signer - AWS4 Canonical Request: '"POST
/

amz-sdk-invocation-id:b235755b-ff48-621b-2331-65d0ce274b8f
amz-sdk-request:attempt=1;max=11
amz-sdk-retry:0/0/500
content-length:403
content-type:application/x-amz-json-1.0
host:dynamodb.us-west-2.amazonaws.com
user-agent:aws-sdk-java/1.11.1020 Mac_OS_X/11.6.4 OpenJDK_64-Bit_Server_VM/11.0.13+8-LTS java/11.0.13 vendor/Amazon.com_Inc. cfg/retry-mode/legacy com.amazonaws.services.dynamodbv2.datamodeling.DynamoDBMapper/1.11.1020
x-amz-date:20220602T191023Z
x-amz-target:DynamoDB_20120810.UpdateItem

amz-sdk-invocation-id;amz-sdk-request;amz-sdk-retry;content-length;content-type;host;user-agent;x-amz-date;x-amz-target
2dadd551ad05450c9c6526fbc86b4eb1458b581f14a1094c72fdf8edacd9b3bd"
12:10:23.426 [Test worker] DEBUG com.amazonaws.auth.AWS4Signer - AWS4 String to Sign: '"AWS4-HMAC-SHA256
20220602T191023Z
20220602/us-west-2/dynamodb/aws4_request
0120d9993c78bb2065c519f5a7344999dc432492edf635cf88b382ccbc4fd01d"
12:10:23.438 [Test worker] DEBUG com.amazonaws.auth.AWS4Signer - Generating a new signing key as the signing key not available in the cache for the date 1654128000000
12:10:23.465 [Test worker] DEBUG org.apache.http.client.protocol.RequestAddCookies - CookieSpec selected: default
12:10:23.478 [Test worker] DEBUG org.apache.http.client.protocol.RequestAuthCache - Auth cache not set in the context
12:10:23.480 [Test worker] DEBUG org.apache.http.impl.conn.PoolingHttpClientConnectionManager - Connection request: [route: {s}->https://dynamodb.us-west-2.amazonaws.com:443][total available: 0; route allocated: 0 of 50; total allocated: 0 of 50]
12:10:23.503 [Test worker] DEBUG org.apache.http.impl.conn.PoolingHttpClientConnectionManager - Connection leased: [id: 0][route: {s}->https://dynamodb.us-west-2.amazonaws.com:443][total available: 0; route allocated: 1 of 50; total allocated: 1 of 50]
12:10:23.506 [Test worker] DEBUG org.apache.http.impl.execchain.MainClientExec - Opening connection {s}->https://dynamodb.us-west-2.amazonaws.com:443
12:10:23.533 [Test worker] DEBUG org.apache.http.impl.conn.DefaultHttpClientConnectionOperator - Connecting to dynamodb.us-west-2.amazonaws.com/52.94.28.36:443
12:10:23.534 [Test worker] DEBUG com.amazonaws.http.conn.ssl.SdkTLSSocketFactory - connecting to dynamodb.us-west-2.amazonaws.com/52.94.28.36:443
12:10:23.534 [Test worker] DEBUG com.amazonaws.http.conn.ssl.SdkTLSSocketFactory - Connecting socket to dynamodb.us-west-2.amazonaws.com/52.94.28.36:443 with timeout 10000
12:10:23.602 [Test worker] DEBUG com.amazonaws.http.conn.ssl.SdkTLSSocketFactory - Enabled protocols: [TLSv1.3, TLSv1.2, TLSv1.1, TLSv1]
12:10:23.603 [Test worker] DEBUG com.amazonaws.http.conn.ssl.SdkTLSSocketFactory - Enabled cipher suites:[TLS_AES_256_GCM_SHA384, TLS_AES_128_GCM_SHA256, TLS_CHACHA20_POLY1305_SHA256, TLS_ECDHE_ECDSA_WITH_AES_256_GCM_SHA384, TLS_ECDHE_ECDSA_WITH_AES_128_GCM_SHA256, TLS_ECDHE_ECDSA_WITH_CHACHA20_POLY1305_SHA256, TLS_ECDHE_RSA_WITH_AES_256_GCM_SHA384, TLS_ECDHE_RSA_WITH_CHACHA20_POLY1305_SHA256, TLS_ECDHE_RSA_WITH_AES_128_GCM_SHA256, TLS_DHE_RSA_WITH_AES_256_GCM_SHA384, TLS_DHE_RSA_WITH_CHACHA20_POLY1305_SHA256, TLS_DHE_DSS_WITH_AES_256_GCM_SHA384, TLS_DHE_RSA_WITH_AES_128_GCM_SHA256, TLS_DHE_DSS_WITH_AES_128_GCM_SHA256, TLS_ECDHE_ECDSA_WITH_AES_256_CBC_SHA384, TLS_ECDHE_RSA_WITH_AES_256_CBC_SHA384, TLS_ECDHE_ECDSA_WITH_AES_128_CBC_SHA256, TLS_ECDHE_RSA_WITH_AES_128_CBC_SHA256, TLS_DHE_RSA_WITH_AES_256_CBC_SHA256, TLS_DHE_DSS_WITH_AES_256_CBC_SHA256, TLS_DHE_RSA_WITH_AES_128_CBC_SHA256, TLS_DHE_DSS_WITH_AES_128_CBC_SHA256, TLS_ECDH_ECDSA_WITH_AES_256_GCM_SHA384, TLS_ECDH_RSA_WITH_AES_256_GCM_SHA384, TLS_ECDH_ECDSA_WITH_AES_128_GCM_SHA256, TLS_ECDH_RSA_WITH_AES_128_GCM_SHA256, TLS_ECDH_ECDSA_WITH_AES_256_CBC_SHA384, TLS_ECDH_RSA_WITH_AES_256_CBC_SHA384, TLS_ECDH_ECDSA_WITH_AES_128_CBC_SHA256, TLS_ECDH_RSA_WITH_AES_128_CBC_SHA256, TLS_ECDHE_ECDSA_WITH_AES_256_CBC_SHA, TLS_ECDHE_RSA_WITH_AES_256_CBC_SHA, TLS_ECDHE_ECDSA_WITH_AES_128_CBC_SHA, TLS_ECDHE_RSA_WITH_AES_128_CBC_SHA, TLS_DHE_RSA_WITH_AES_256_CBC_SHA, TLS_DHE_DSS_WITH_AES_256_CBC_SHA, TLS_DHE_RSA_WITH_AES_128_CBC_SHA, TLS_DHE_DSS_WITH_AES_128_CBC_SHA, TLS_ECDH_ECDSA_WITH_AES_256_CBC_SHA, TLS_ECDH_RSA_WITH_AES_256_CBC_SHA, TLS_ECDH_ECDSA_WITH_AES_128_CBC_SHA, TLS_ECDH_RSA_WITH_AES_128_CBC_SHA, TLS_RSA_WITH_AES_256_GCM_SHA384, TLS_RSA_WITH_AES_128_GCM_SHA256, TLS_RSA_WITH_AES_256_CBC_SHA256, TLS_RSA_WITH_AES_128_CBC_SHA256, TLS_RSA_WITH_AES_256_CBC_SHA, TLS_RSA_WITH_AES_128_CBC_SHA, TLS_EMPTY_RENEGOTIATION_INFO_SCSV]
12:10:23.603 [Test worker] DEBUG com.amazonaws.http.conn.ssl.SdkTLSSocketFactory - socket.getSupportedProtocols(): [TLSv1.3, TLSv1.2, TLSv1.1, TLSv1, SSLv3, SSLv2Hello], socket.getEnabledProtocols(): [TLSv1.3, TLSv1.2, TLSv1.1, TLSv1]
12:10:23.604 [Test worker] DEBUG com.amazonaws.http.conn.ssl.SdkTLSSocketFactory - TLS protocol enabled for SSL handshake: [TLSv1.2, TLSv1.1, TLSv1, TLSv1.3]
12:10:23.604 [Test worker] DEBUG com.amazonaws.http.conn.ssl.SdkTLSSocketFactory - Starting handshake
12:10:23.795 [Test worker] DEBUG com.amazonaws.http.conn.ssl.SdkTLSSocketFactory - Secure session established
12:10:23.795 [Test worker] DEBUG com.amazonaws.http.conn.ssl.SdkTLSSocketFactory -  negotiated protocol: TLSv1.2
12:10:23.795 [Test worker] DEBUG com.amazonaws.http.conn.ssl.SdkTLSSocketFactory -  negotiated cipher suite: TLS_ECDHE_RSA_WITH_AES_128_GCM_SHA256
12:10:23.796 [Test worker] DEBUG com.amazonaws.http.conn.ssl.SdkTLSSocketFactory -  peer principal: CN=dynamodb.us-west-2.amazonaws.com
12:10:23.796 [Test worker] DEBUG com.amazonaws.http.conn.ssl.SdkTLSSocketFactory -  peer alternative names: [dynamodb.us-west-2.amazonaws.com, *.ddb.us-west-2.amazonaws.com]
12:10:23.796 [Test worker] DEBUG com.amazonaws.http.conn.ssl.SdkTLSSocketFactory -  issuer principal: CN=Amazon, OU=Server CA 1B, O=Amazon, C=US
12:10:23.802 [Test worker] DEBUG com.amazonaws.internal.SdkSSLSocket - created: dynamodb.us-west-2.amazonaws.com/52.94.28.36:443
12:10:23.803 [Test worker] DEBUG org.apache.http.impl.conn.DefaultHttpClientConnectionOperator - Connection established 192.168.1.86:57432<->52.94.28.36:443
12:10:23.803 [Test worker] DEBUG org.apache.http.impl.conn.DefaultManagedHttpClientConnection - http-outgoing-0: set socket timeout to 50000
12:10:23.804 [Test worker] DEBUG org.apache.http.impl.execchain.MainClientExec - Executing request POST / HTTP/1.1
12:10:23.804 [Test worker] DEBUG org.apache.http.impl.execchain.MainClientExec - Proxy auth state: UNCHALLENGED
12:10:23.807 [Test worker] DEBUG org.apache.http.headers - http-outgoing-0 >> POST / HTTP/1.1
12:10:23.807 [Test worker] DEBUG org.apache.http.headers - http-outgoing-0 >> Host: dynamodb.us-west-2.amazonaws.com
12:10:23.807 [Test worker] DEBUG org.apache.http.headers - http-outgoing-0 >> amz-sdk-invocation-id: b235755b-ff48-621b-2331-65d0ce274b8f
12:10:23.807 [Test worker] DEBUG org.apache.http.headers - http-outgoing-0 >> amz-sdk-request: attempt=1;max=11
12:10:23.807 [Test worker] DEBUG org.apache.http.headers - http-outgoing-0 >> amz-sdk-retry: 0/0/500
12:10:23.807 [Test worker] DEBUG org.apache.http.headers - http-outgoing-0 >> Authorization: AWS4-HMAC-SHA256 Credential=AKIA4QVT5K6IDDIUW4SY/20220602/us-west-2/dynamodb/aws4_request, SignedHeaders=amz-sdk-invocation-id;amz-sdk-request;amz-sdk-retry;content-length;content-type;host;user-agent;x-amz-date;x-amz-target, Signature=586af5450bc787ca61ac71da1e9c87b9a4c672fd662e3dcd123ae7ae310a3f77
12:10:23.807 [Test worker] DEBUG org.apache.http.headers - http-outgoing-0 >> Content-Type: application/x-amz-json-1.0
12:10:23.807 [Test worker] DEBUG org.apache.http.headers - http-outgoing-0 >> User-Agent: aws-sdk-java/1.11.1020 Mac_OS_X/11.6.4 OpenJDK_64-Bit_Server_VM/11.0.13+8-LTS java/11.0.13 vendor/Amazon.com_Inc. cfg/retry-mode/legacy com.amazonaws.services.dynamodbv2.datamodeling.DynamoDBMapper/1.11.1020
12:10:23.807 [Test worker] DEBUG org.apache.http.headers - http-outgoing-0 >> X-Amz-Date: 20220602T191023Z
12:10:23.808 [Test worker] DEBUG org.apache.http.headers - http-outgoing-0 >> X-Amz-Target: DynamoDB_20120810.UpdateItem
12:10:23.808 [Test worker] DEBUG org.apache.http.headers - http-outgoing-0 >> Content-Length: 403
12:10:23.808 [Test worker] DEBUG org.apache.http.headers - http-outgoing-0 >> Connection: Keep-Alive
12:10:23.808 [Test worker] DEBUG org.apache.http.wire - http-outgoing-0 >> "POST / HTTP/1.1[\r][\n]"
12:10:23.808 [Test worker] DEBUG org.apache.http.wire - http-outgoing-0 >> "Host: dynamodb.us-west-2.amazonaws.com[\r][\n]"
12:10:23.808 [Test worker] DEBUG org.apache.http.wire - http-outgoing-0 >> "amz-sdk-invocation-id: b235755b-ff48-621b-2331-65d0ce274b8f[\r][\n]"
12:10:23.808 [Test worker] DEBUG org.apache.http.wire - http-outgoing-0 >> "amz-sdk-request: attempt=1;max=11[\r][\n]"
12:10:23.809 [Test worker] DEBUG org.apache.http.wire - http-outgoing-0 >> "amz-sdk-retry: 0/0/500[\r][\n]"
12:10:23.809 [Test worker] DEBUG org.apache.http.wire - http-outgoing-0 >> "Authorization: AWS4-HMAC-SHA256 Credential=AKIA4QVT5K6IDDIUW4SY/20220602/us-west-2/dynamodb/aws4_request, SignedHeaders=amz-sdk-invocation-id;amz-sdk-request;amz-sdk-retry;content-length;content-type;host;user-agent;x-amz-date;x-amz-target, Signature=586af5450bc787ca61ac71da1e9c87b9a4c672fd662e3dcd123ae7ae310a3f77[\r][\n]"
12:10:23.809 [Test worker] DEBUG org.apache.http.wire - http-outgoing-0 >> "Content-Type: application/x-amz-json-1.0[\r][\n]"
12:10:23.809 [Test worker] DEBUG org.apache.http.wire - http-outgoing-0 >> "User-Agent: aws-sdk-java/1.11.1020 Mac_OS_X/11.6.4 OpenJDK_64-Bit_Server_VM/11.0.13+8-LTS java/11.0.13 vendor/Amazon.com_Inc. cfg/retry-mode/legacy com.amazonaws.services.dynamodbv2.datamodeling.DynamoDBMapper/1.11.1020[\r][\n]"
12:10:23.809 [Test worker] DEBUG org.apache.http.wire - http-outgoing-0 >> "X-Amz-Date: 20220602T191023Z[\r][\n]"
12:10:23.809 [Test worker] DEBUG org.apache.http.wire - http-outgoing-0 >> "X-Amz-Target: DynamoDB_20120810.UpdateItem[\r][\n]"
12:10:23.809 [Test worker] DEBUG org.apache.http.wire - http-outgoing-0 >> "Content-Length: 403[\r][\n]"
12:10:23.809 [Test worker] DEBUG org.apache.http.wire - http-outgoing-0 >> "Connection: Keep-Alive[\r][\n]"
12:10:23.809 [Test worker] DEBUG org.apache.http.wire - http-outgoing-0 >> "[\r][\n]"
12:10:23.809 [Test worker] DEBUG org.apache.http.wire - http-outgoing-0 >> "{"TableName":"CatalogItemVersions","Key":{"version":{"N":"1"},"bookId":{"S":"book.d4d6c3c3-a8e4-4598-9010-977aae05cac3"}},"AttributeUpdates":{"inactive":{"Value":{"N":"0"},"Action":"PUT"},"author":{"Value":{"S":"author"},"Action":"PUT"},"genre":{"Value":{"S":"TRAVEL"},"Action":"PUT"},"text":{"Value":{"S":"text"},"Action":"PUT"},"title":{"Value":{"S":"title"},"Action":"PUT"}},"ReturnValues":"ALL_NEW"}"
12:10:23.866 [Test worker] DEBUG org.apache.http.wire - http-outgoing-0 << "HTTP/1.1 200 OK[\r][\n]"
12:10:23.866 [Test worker] DEBUG org.apache.http.wire - http-outgoing-0 << "Server: Server[\r][\n]"
12:10:23.866 [Test worker] DEBUG org.apache.http.wire - http-outgoing-0 << "Date: Thu, 02 Jun 2022 19:10:24 GMT[\r][\n]"
12:10:23.866 [Test worker] DEBUG org.apache.http.wire - http-outgoing-0 << "Content-Type: application/x-amz-json-1.0[\r][\n]"
12:10:23.866 [Test worker] DEBUG org.apache.http.wire - http-outgoing-0 << "Content-Length: 205[\r][\n]"
12:10:23.866 [Test worker] DEBUG org.apache.http.wire - http-outgoing-0 << "Connection: keep-alive[\r][\n]"
12:10:23.866 [Test worker] DEBUG org.apache.http.wire - http-outgoing-0 << "x-amzn-RequestId: 6TQQRTT66HOA6206ARJUIDT2MJVV4KQNSO5AEMVJF66Q9ASUAAJG[\r][\n]"
12:10:23.867 [Test worker] DEBUG org.apache.http.wire - http-outgoing-0 << "x-amz-crc32: 1847932220[\r][\n]"
12:10:23.867 [Test worker] DEBUG org.apache.http.wire - http-outgoing-0 << "[\r][\n]"
12:10:23.867 [Test worker] DEBUG org.apache.http.wire - http-outgoing-0 << "{"Attributes":{"inactive":{"N":"0"},"version":{"N":"1"},"bookId":{"S":"book.d4d6c3c3-a8e4-4598-9010-977aae05cac3"},"text":{"S":"text"},"genre":{"S":"TRAVEL"},"title":{"S":"title"},"author":{"S":"author"}}}"
12:10:23.870 [Test worker] DEBUG org.apache.http.headers - http-outgoing-0 << HTTP/1.1 200 OK
12:10:23.870 [Test worker] DEBUG org.apache.http.headers - http-outgoing-0 << Server: Server
12:10:23.870 [Test worker] DEBUG org.apache.http.headers - http-outgoing-0 << Date: Thu, 02 Jun 2022 19:10:24 GMT
12:10:23.870 [Test worker] DEBUG org.apache.http.headers - http-outgoing-0 << Content-Type: application/x-amz-json-1.0
12:10:23.870 [Test worker] DEBUG org.apache.http.headers - http-outgoing-0 << Content-Length: 205
12:10:23.870 [Test worker] DEBUG org.apache.http.headers - http-outgoing-0 << Connection: keep-alive
12:10:23.870 [Test worker] DEBUG org.apache.http.headers - http-outgoing-0 << x-amzn-RequestId: 6TQQRTT66HOA6206ARJUIDT2MJVV4KQNSO5AEMVJF66Q9ASUAAJG
12:10:23.870 [Test worker] DEBUG org.apache.http.headers - http-outgoing-0 << x-amz-crc32: 1847932220
12:10:23.874 [Test worker] DEBUG org.apache.http.impl.execchain.MainClientExec - Connection can be kept alive for 60000 MILLISECONDS
12:10:23.879 [Test worker] DEBUG com.amazonaws.retry.ClockSkewAdjuster - Reported server date (from 'Date' header): Thu, 02 Jun 2022 19:10:24 GMT
12:10:23.892 [Test worker] DEBUG org.apache.http.impl.conn.PoolingHttpClientConnectionManager - Connection [id: 0][route: {s}->https://dynamodb.us-west-2.amazonaws.com:443] can be kept alive for 60.0 seconds
12:10:23.892 [Test worker] DEBUG org.apache.http.impl.conn.DefaultManagedHttpClientConnection - http-outgoing-0: set socket timeout to 0
12:10:23.892 [Test worker] DEBUG org.apache.http.impl.conn.PoolingHttpClientConnectionManager - Connection released: [id: 0][route: {s}->https://dynamodb.us-west-2.amazonaws.com:443][total available: 1; route allocated: 1 of 50; total allocated: 1 of 50]
12:10:23.893 [Test worker] DEBUG com.amazonaws.request - Received successful response: 200, AWS Request ID: 6TQQRTT66HOA6206ARJUIDT2MJVV4KQNSO5AEMVJF66Q9ASUAAJG
12:10:23.893 [Test worker] DEBUG com.amazonaws.requestId - x-amzn-RequestId: 6TQQRTT66HOA6206ARJUIDT2MJVV4KQNSO5AEMVJF66Q9ASUAAJG
Memory address of BookPublishRequestManager in SubmitActivity: com.amazon.ata.kindlepublishingservice.publishing.BookPublishRequestManager@4f6bc04c
12:10:23.903 [Test worker] DEBUG com.amazonaws.request - Sending Request: POST https://dynamodb.us-west-2.amazonaws.com / Headers: (amz-sdk-invocation-id: 401bede0-18fd-7722-9618-2a651f727176, Content-Length: 215, Content-Type: application/x-amz-json-1.0, User-Agent: aws-sdk-java/1.11.1020 Mac_OS_X/11.6.4 OpenJDK_64-Bit_Server_VM/11.0.13+8-LTS java/11.0.13 vendor/Amazon.com_Inc. cfg/retry-mode/legacy com.amazonaws.services.dynamodbv2.datamodeling.DynamoDBMapper/1.11.1020, X-Amz-Target: DynamoDB_20120810.Query, ) 
12:10:23.903 [Test worker] DEBUG com.amazonaws.auth.AWS4Signer - AWS4 Canonical Request: '"POST
/

amz-sdk-invocation-id:401bede0-18fd-7722-9618-2a651f727176
amz-sdk-request:attempt=1;max=11
amz-sdk-retry:0/0/500
content-length:215
content-type:application/x-amz-json-1.0
host:dynamodb.us-west-2.amazonaws.com
user-agent:aws-sdk-java/1.11.1020 Mac_OS_X/11.6.4 OpenJDK_64-Bit_Server_VM/11.0.13+8-LTS java/11.0.13 vendor/Amazon.com_Inc. cfg/retry-mode/legacy com.amazonaws.services.dynamodbv2.datamodeling.DynamoDBMapper/1.11.1020
x-amz-date:20220602T191023Z
x-amz-target:DynamoDB_20120810.Query

amz-sdk-invocation-id;amz-sdk-request;amz-sdk-retry;content-length;content-type;host;user-agent;x-amz-date;x-amz-target
695b30eaf73cb473d1b077d06d12bdbbb3d1abbea1a7e6c07b491acf05894d9e"
12:10:23.903 [Test worker] DEBUG com.amazonaws.auth.AWS4Signer - AWS4 String to Sign: '"AWS4-HMAC-SHA256
20220602T191023Z
20220602/us-west-2/dynamodb/aws4_request
4acfe93be3b8eca79edf3afbe590975f64231728e8fb25199e100c083d8b45bd"
12:10:23.904 [Test worker] DEBUG org.apache.http.client.protocol.RequestAddCookies - CookieSpec selected: default
12:10:23.904 [Test worker] DEBUG org.apache.http.client.protocol.RequestAuthCache - Auth cache not set in the context
12:10:23.904 [Test worker] DEBUG org.apache.http.impl.conn.PoolingHttpClientConnectionManager - Connection request: [route: {s}->https://dynamodb.us-west-2.amazonaws.com:443][total available: 0; route allocated: 0 of 50; total allocated: 0 of 50]
12:10:23.904 [Test worker] DEBUG org.apache.http.impl.conn.PoolingHttpClientConnectionManager - Connection leased: [id: 1][route: {s}->https://dynamodb.us-west-2.amazonaws.com:443][total available: 0; route allocated: 1 of 50; total allocated: 1 of 50]
12:10:23.905 [Test worker] DEBUG org.apache.http.impl.execchain.MainClientExec - Opening connection {s}->https://dynamodb.us-west-2.amazonaws.com:443
12:10:23.905 [Test worker] DEBUG org.apache.http.impl.conn.DefaultHttpClientConnectionOperator - Connecting to dynamodb.us-west-2.amazonaws.com/52.94.28.36:443
12:10:23.905 [Test worker] DEBUG com.amazonaws.http.conn.ssl.SdkTLSSocketFactory - connecting to dynamodb.us-west-2.amazonaws.com/52.94.28.36:443
12:10:23.905 [Test worker] DEBUG com.amazonaws.http.conn.ssl.SdkTLSSocketFactory - Connecting socket to dynamodb.us-west-2.amazonaws.com/52.94.28.36:443 with timeout 10000
12:10:23.935 [Test worker] DEBUG com.amazonaws.http.conn.ssl.SdkTLSSocketFactory - Enabled protocols: [TLSv1.3, TLSv1.2, TLSv1.1, TLSv1]
12:10:23.935 [Test worker] DEBUG com.amazonaws.http.conn.ssl.SdkTLSSocketFactory - Enabled cipher suites:[TLS_AES_256_GCM_SHA384, TLS_AES_128_GCM_SHA256, TLS_CHACHA20_POLY1305_SHA256, TLS_ECDHE_ECDSA_WITH_AES_256_GCM_SHA384, TLS_ECDHE_ECDSA_WITH_AES_128_GCM_SHA256, TLS_ECDHE_ECDSA_WITH_CHACHA20_POLY1305_SHA256, TLS_ECDHE_RSA_WITH_AES_256_GCM_SHA384, TLS_ECDHE_RSA_WITH_CHACHA20_POLY1305_SHA256, TLS_ECDHE_RSA_WITH_AES_128_GCM_SHA256, TLS_DHE_RSA_WITH_AES_256_GCM_SHA384, TLS_DHE_RSA_WITH_CHACHA20_POLY1305_SHA256, TLS_DHE_DSS_WITH_AES_256_GCM_SHA384, TLS_DHE_RSA_WITH_AES_128_GCM_SHA256, TLS_DHE_DSS_WITH_AES_128_GCM_SHA256, TLS_ECDHE_ECDSA_WITH_AES_256_CBC_SHA384, TLS_ECDHE_RSA_WITH_AES_256_CBC_SHA384, TLS_ECDHE_ECDSA_WITH_AES_128_CBC_SHA256, TLS_ECDHE_RSA_WITH_AES_128_CBC_SHA256, TLS_DHE_RSA_WITH_AES_256_CBC_SHA256, TLS_DHE_DSS_WITH_AES_256_CBC_SHA256, TLS_DHE_RSA_WITH_AES_128_CBC_SHA256, TLS_DHE_DSS_WITH_AES_128_CBC_SHA256, TLS_ECDH_ECDSA_WITH_AES_256_GCM_SHA384, TLS_ECDH_RSA_WITH_AES_256_GCM_SHA384, TLS_ECDH_ECDSA_WITH_AES_128_GCM_SHA256, TLS_ECDH_RSA_WITH_AES_128_GCM_SHA256, TLS_ECDH_ECDSA_WITH_AES_256_CBC_SHA384, TLS_ECDH_RSA_WITH_AES_256_CBC_SHA384, TLS_ECDH_ECDSA_WITH_AES_128_CBC_SHA256, TLS_ECDH_RSA_WITH_AES_128_CBC_SHA256, TLS_ECDHE_ECDSA_WITH_AES_256_CBC_SHA, TLS_ECDHE_RSA_WITH_AES_256_CBC_SHA, TLS_ECDHE_ECDSA_WITH_AES_128_CBC_SHA, TLS_ECDHE_RSA_WITH_AES_128_CBC_SHA, TLS_DHE_RSA_WITH_AES_256_CBC_SHA, TLS_DHE_DSS_WITH_AES_256_CBC_SHA, TLS_DHE_RSA_WITH_AES_128_CBC_SHA, TLS_DHE_DSS_WITH_AES_128_CBC_SHA, TLS_ECDH_ECDSA_WITH_AES_256_CBC_SHA, TLS_ECDH_RSA_WITH_AES_256_CBC_SHA, TLS_ECDH_ECDSA_WITH_AES_128_CBC_SHA, TLS_ECDH_RSA_WITH_AES_128_CBC_SHA, TLS_RSA_WITH_AES_256_GCM_SHA384, TLS_RSA_WITH_AES_128_GCM_SHA256, TLS_RSA_WITH_AES_256_CBC_SHA256, TLS_RSA_WITH_AES_128_CBC_SHA256, TLS_RSA_WITH_AES_256_CBC_SHA, TLS_RSA_WITH_AES_128_CBC_SHA, TLS_EMPTY_RENEGOTIATION_INFO_SCSV]
12:10:23.935 [Test worker] DEBUG com.amazonaws.http.conn.ssl.SdkTLSSocketFactory - socket.getSupportedProtocols(): [TLSv1.3, TLSv1.2, TLSv1.1, TLSv1, SSLv3, SSLv2Hello], socket.getEnabledProtocols(): [TLSv1.3, TLSv1.2, TLSv1.1, TLSv1]
12:10:23.936 [Test worker] DEBUG com.amazonaws.http.conn.ssl.SdkTLSSocketFactory - TLS protocol enabled for SSL handshake: [TLSv1.2, TLSv1.1, TLSv1, TLSv1.3]
12:10:23.936 [Test worker] DEBUG com.amazonaws.http.conn.ssl.SdkTLSSocketFactory - Starting handshake
12:10:24.023 [Test worker] DEBUG com.amazonaws.http.conn.ssl.SdkTLSSocketFactory - Secure session established
12:10:24.023 [Test worker] DEBUG com.amazonaws.http.conn.ssl.SdkTLSSocketFactory -  negotiated protocol: TLSv1.2
12:10:24.023 [Test worker] DEBUG com.amazonaws.http.conn.ssl.SdkTLSSocketFactory -  negotiated cipher suite: TLS_ECDHE_RSA_WITH_AES_128_GCM_SHA256
12:10:24.023 [Test worker] DEBUG com.amazonaws.http.conn.ssl.SdkTLSSocketFactory -  peer principal: CN=dynamodb.us-west-2.amazonaws.com
12:10:24.023 [Test worker] DEBUG com.amazonaws.http.conn.ssl.SdkTLSSocketFactory -  peer alternative names: [dynamodb.us-west-2.amazonaws.com, *.ddb.us-west-2.amazonaws.com]
12:10:24.023 [Test worker] DEBUG com.amazonaws.http.conn.ssl.SdkTLSSocketFactory -  issuer principal: CN=Amazon, OU=Server CA 1B, O=Amazon, C=US
12:10:24.024 [Test worker] DEBUG com.amazonaws.internal.SdkSSLSocket - created: dynamodb.us-west-2.amazonaws.com/52.94.28.36:443
12:10:24.024 [Test worker] DEBUG org.apache.http.impl.conn.DefaultHttpClientConnectionOperator - Connection established 192.168.1.86:57433<->52.94.28.36:443
12:10:24.024 [Test worker] DEBUG org.apache.http.impl.conn.DefaultManagedHttpClientConnection - http-outgoing-1: set socket timeout to 50000
12:10:24.024 [Test worker] DEBUG org.apache.http.impl.execchain.MainClientExec - Executing request POST / HTTP/1.1
12:10:24.024 [Test worker] DEBUG org.apache.http.impl.execchain.MainClientExec - Proxy auth state: UNCHALLENGED
12:10:24.024 [Test worker] DEBUG org.apache.http.headers - http-outgoing-1 >> POST / HTTP/1.1
12:10:24.024 [Test worker] DEBUG org.apache.http.headers - http-outgoing-1 >> Host: dynamodb.us-west-2.amazonaws.com
12:10:24.024 [Test worker] DEBUG org.apache.http.headers - http-outgoing-1 >> amz-sdk-invocation-id: 401bede0-18fd-7722-9618-2a651f727176
12:10:24.024 [Test worker] DEBUG org.apache.http.headers - http-outgoing-1 >> amz-sdk-request: attempt=1;max=11
12:10:24.024 [Test worker] DEBUG org.apache.http.headers - http-outgoing-1 >> amz-sdk-retry: 0/0/500
12:10:24.024 [Test worker] DEBUG org.apache.http.headers - http-outgoing-1 >> Authorization: AWS4-HMAC-SHA256 Credential=AKIA4QVT5K6IDDIUW4SY/20220602/us-west-2/dynamodb/aws4_request, SignedHeaders=amz-sdk-invocation-id;amz-sdk-request;amz-sdk-retry;content-length;content-type;host;user-agent;x-amz-date;x-amz-target, Signature=26dadc7a02eee084b3694a21bfc5d14cb80c22e7b3ec0b5671f1542e5fc22357
12:10:24.025 [Test worker] DEBUG org.apache.http.headers - http-outgoing-1 >> Content-Type: application/x-amz-json-1.0
12:10:24.025 [Test worker] DEBUG org.apache.http.headers - http-outgoing-1 >> User-Agent: aws-sdk-java/1.11.1020 Mac_OS_X/11.6.4 OpenJDK_64-Bit_Server_VM/11.0.13+8-LTS java/11.0.13 vendor/Amazon.com_Inc. cfg/retry-mode/legacy com.amazonaws.services.dynamodbv2.datamodeling.DynamoDBMapper/1.11.1020
12:10:24.025 [Test worker] DEBUG org.apache.http.headers - http-outgoing-1 >> X-Amz-Date: 20220602T191023Z
12:10:24.025 [Test worker] DEBUG org.apache.http.headers - http-outgoing-1 >> X-Amz-Target: DynamoDB_20120810.Query
12:10:24.025 [Test worker] DEBUG org.apache.http.headers - http-outgoing-1 >> Content-Length: 215
12:10:24.025 [Test worker] DEBUG org.apache.http.headers - http-outgoing-1 >> Connection: Keep-Alive
12:10:24.025 [Test worker] DEBUG org.apache.http.wire - http-outgoing-1 >> "POST / HTTP/1.1[\r][\n]"
12:10:24.025 [Test worker] DEBUG org.apache.http.wire - http-outgoing-1 >> "Host: dynamodb.us-west-2.amazonaws.com[\r][\n]"
12:10:24.025 [Test worker] DEBUG org.apache.http.wire - http-outgoing-1 >> "amz-sdk-invocation-id: 401bede0-18fd-7722-9618-2a651f727176[\r][\n]"
12:10:24.025 [Test worker] DEBUG org.apache.http.wire - http-outgoing-1 >> "amz-sdk-request: attempt=1;max=11[\r][\n]"
12:10:24.025 [Test worker] DEBUG org.apache.http.wire - http-outgoing-1 >> "amz-sdk-retry: 0/0/500[\r][\n]"
12:10:24.025 [Test worker] DEBUG org.apache.http.wire - http-outgoing-1 >> "Authorization: AWS4-HMAC-SHA256 Credential=AKIA4QVT5K6IDDIUW4SY/20220602/us-west-2/dynamodb/aws4_request, SignedHeaders=amz-sdk-invocation-id;amz-sdk-request;amz-sdk-retry;content-length;content-type;host;user-agent;x-amz-date;x-amz-target, Signature=26dadc7a02eee084b3694a21bfc5d14cb80c22e7b3ec0b5671f1542e5fc22357[\r][\n]"
12:10:24.025 [Test worker] DEBUG org.apache.http.wire - http-outgoing-1 >> "Content-Type: application/x-amz-json-1.0[\r][\n]"
12:10:24.025 [Test worker] DEBUG org.apache.http.wire - http-outgoing-1 >> "User-Agent: aws-sdk-java/1.11.1020 Mac_OS_X/11.6.4 OpenJDK_64-Bit_Server_VM/11.0.13+8-LTS java/11.0.13 vendor/Amazon.com_Inc. cfg/retry-mode/legacy com.amazonaws.services.dynamodbv2.datamodeling.DynamoDBMapper/1.11.1020[\r][\n]"
12:10:24.025 [Test worker] DEBUG org.apache.http.wire - http-outgoing-1 >> "X-Amz-Date: 20220602T191023Z[\r][\n]"
12:10:24.025 [Test worker] DEBUG org.apache.http.wire - http-outgoing-1 >> "X-Amz-Target: DynamoDB_20120810.Query[\r][\n]"
12:10:24.025 [Test worker] DEBUG org.apache.http.wire - http-outgoing-1 >> "Content-Length: 215[\r][\n]"
12:10:24.025 [Test worker] DEBUG org.apache.http.wire - http-outgoing-1 >> "Connection: Keep-Alive[\r][\n]"
12:10:24.025 [Test worker] DEBUG org.apache.http.wire - http-outgoing-1 >> "[\r][\n]"
12:10:24.025 [Test worker] DEBUG org.apache.http.wire - http-outgoing-1 >> "{"TableName":"CatalogItemVersions","ConsistentRead":true,"ScanIndexForward":true,"KeyConditionExpression":"bookId = :bookId","ExpressionAttributeValues":{":bookId":{"S":"book.d4d6c3c3-a8e4-4598-9010-977aae05cac3"}}}"
12:10:24.073 [Test worker] DEBUG org.apache.http.wire - http-outgoing-1 << "HTTP/1.1 200 OK[\r][\n]"
12:10:24.073 [Test worker] DEBUG org.apache.http.wire - http-outgoing-1 << "Server: Server[\r][\n]"
12:10:24.074 [Test worker] DEBUG org.apache.http.wire - http-outgoing-1 << "Date: Thu, 02 Jun 2022 19:10:24 GMT[\r][\n]"
12:10:24.074 [Test worker] DEBUG org.apache.http.wire - http-outgoing-1 << "Content-Type: application/x-amz-json-1.0[\r][\n]"
12:10:24.074 [Test worker] DEBUG org.apache.http.wire - http-outgoing-1 << "Content-Length: 229[\r][\n]"
12:10:24.074 [Test worker] DEBUG org.apache.http.wire - http-outgoing-1 << "Connection: keep-alive[\r][\n]"
12:10:24.074 [Test worker] DEBUG org.apache.http.wire - http-outgoing-1 << "x-amzn-RequestId: EJCBLCBE5P0BSK06PS5AO9PCSNVV4KQNSO5AEMVJF66Q9ASUAAJG[\r][\n]"
12:10:24.074 [Test worker] DEBUG org.apache.http.wire - http-outgoing-1 << "x-amz-crc32: 2062114951[\r][\n]"
12:10:24.074 [Test worker] DEBUG org.apache.http.wire - http-outgoing-1 << "[\r][\n]"
12:10:24.074 [Test worker] DEBUG org.apache.http.wire - http-outgoing-1 << "{"Count":1,"Items":[{"inactive":{"N":"0"},"version":{"N":"1"},"bookId":{"S":"book.d4d6c3c3-a8e4-4598-9010-977aae05cac3"},"text":{"S":"text"},"genre":{"S":"TRAVEL"},"title":{"S":"title"},"author":{"S":"author"}}],"ScannedCount":1}"
12:10:24.074 [Test worker] DEBUG org.apache.http.headers - http-outgoing-1 << HTTP/1.1 200 OK
12:10:24.074 [Test worker] DEBUG org.apache.http.headers - http-outgoing-1 << Server: Server
12:10:24.074 [Test worker] DEBUG org.apache.http.headers - http-outgoing-1 << Date: Thu, 02 Jun 2022 19:10:24 GMT
12:10:24.074 [Test worker] DEBUG org.apache.http.headers - http-outgoing-1 << Content-Type: application/x-amz-json-1.0
12:10:24.074 [Test worker] DEBUG org.apache.http.headers - http-outgoing-1 << Content-Length: 229
12:10:24.074 [Test worker] DEBUG org.apache.http.headers - http-outgoing-1 << Connection: keep-alive
12:10:24.074 [Test worker] DEBUG org.apache.http.headers - http-outgoing-1 << x-amzn-RequestId: EJCBLCBE5P0BSK06PS5AO9PCSNVV4KQNSO5AEMVJF66Q9ASUAAJG
12:10:24.074 [Test worker] DEBUG org.apache.http.headers - http-outgoing-1 << x-amz-crc32: 2062114951
12:10:24.075 [Test worker] DEBUG org.apache.http.impl.execchain.MainClientExec - Connection can be kept alive for 60000 MILLISECONDS
12:10:24.075 [Test worker] DEBUG com.amazonaws.retry.ClockSkewAdjuster - Reported server date (from 'Date' header): Thu, 02 Jun 2022 19:10:24 GMT
12:10:24.078 [Test worker] DEBUG org.apache.http.impl.conn.PoolingHttpClientConnectionManager - Connection [id: 1][route: {s}->https://dynamodb.us-west-2.amazonaws.com:443] can be kept alive for 60.0 seconds
12:10:24.079 [Test worker] DEBUG org.apache.http.impl.conn.DefaultManagedHttpClientConnection - http-outgoing-1: set socket timeout to 0
12:10:24.079 [Test worker] DEBUG org.apache.http.impl.conn.PoolingHttpClientConnectionManager - Connection released: [id: 1][route: {s}->https://dynamodb.us-west-2.amazonaws.com:443][total available: 1; route allocated: 1 of 50; total allocated: 1 of 50]
12:10:24.079 [Test worker] DEBUG com.amazonaws.request - Received successful response: 200, AWS Request ID: EJCBLCBE5P0BSK06PS5AO9PCSNVV4KQNSO5AEMVJF66Q9ASUAAJG
12:10:24.079 [Test worker] DEBUG com.amazonaws.requestId - x-amzn-RequestId: EJCBLCBE5P0BSK06PS5AO9PCSNVV4KQNSO5AEMVJF66Q9ASUAAJG
12:10:24.135 [Test worker] DEBUG com.amazonaws.request - Sending Request: POST https://dynamodb.us-west-2.amazonaws.com / Headers: (amz-sdk-invocation-id: 86051d6d-8aac-666a-a8de-7df01d81ad04, Content-Length: 375, Content-Type: application/x-amz-json-1.0, User-Agent: aws-sdk-java/1.11.1020 Mac_OS_X/11.6.4 OpenJDK_64-Bit_Server_VM/11.0.13+8-LTS java/11.0.13 vendor/Amazon.com_Inc. cfg/retry-mode/legacy com.amazonaws.services.dynamodbv2.datamodeling.DynamoDBMapper/1.11.1020, X-Amz-Target: DynamoDB_20120810.UpdateItem, ) 
12:10:24.136 [Test worker] DEBUG com.amazonaws.auth.AWS4Signer - AWS4 Canonical Request: '"POST
/

amz-sdk-invocation-id:86051d6d-8aac-666a-a8de-7df01d81ad04
amz-sdk-request:ttl=20220602T191114Z;attempt=1;max=11
amz-sdk-retry:0/0/500
content-length:375
content-type:application/x-amz-json-1.0
host:dynamodb.us-west-2.amazonaws.com
user-agent:aws-sdk-java/1.11.1020 Mac_OS_X/11.6.4 OpenJDK_64-Bit_Server_VM/11.0.13+8-LTS java/11.0.13 vendor/Amazon.com_Inc. cfg/retry-mode/legacy com.amazonaws.services.dynamodbv2.datamodeling.DynamoDBMapper/1.11.1020
x-amz-date:20220602T191024Z
x-amz-target:DynamoDB_20120810.UpdateItem

amz-sdk-invocation-id;amz-sdk-request;amz-sdk-retry;content-length;content-type;host;user-agent;x-amz-date;x-amz-target
f9737b37d940def3d47f7123d06c254ea42154403c826fa65bf84f035a22aba1"
12:10:24.136 [Test worker] DEBUG com.amazonaws.auth.AWS4Signer - AWS4 String to Sign: '"AWS4-HMAC-SHA256
20220602T191024Z
20220602/us-west-2/dynamodb/aws4_request
1e307541056dbb857cfd11b31d68c03875c80c0374656d66c0f52b3064fc6419"
12:10:24.136 [Test worker] DEBUG org.apache.http.client.protocol.RequestAddCookies - CookieSpec selected: default
12:10:24.136 [Test worker] DEBUG org.apache.http.client.protocol.RequestAuthCache - Auth cache not set in the context
12:10:24.137 [Test worker] DEBUG org.apache.http.impl.conn.PoolingHttpClientConnectionManager - Connection request: [route: {s}->https://dynamodb.us-west-2.amazonaws.com:443][total available: 1; route allocated: 1 of 50; total allocated: 1 of 50]
12:10:24.137 [Test worker] DEBUG org.apache.http.impl.conn.PoolingHttpClientConnectionManager - Connection leased: [id: 1][route: {s}->https://dynamodb.us-west-2.amazonaws.com:443][total available: 0; route allocated: 1 of 50; total allocated: 1 of 50]
12:10:24.137 [Test worker] DEBUG org.apache.http.impl.conn.DefaultManagedHttpClientConnection - http-outgoing-1: set socket timeout to 50000
12:10:24.137 [Test worker] DEBUG org.apache.http.impl.conn.DefaultManagedHttpClientConnection - http-outgoing-1: set socket timeout to 50000
12:10:24.137 [Test worker] DEBUG org.apache.http.impl.execchain.MainClientExec - Executing request POST / HTTP/1.1
12:10:24.137 [Test worker] DEBUG org.apache.http.impl.execchain.MainClientExec - Proxy auth state: UNCHALLENGED
12:10:24.137 [Test worker] DEBUG org.apache.http.headers - http-outgoing-1 >> POST / HTTP/1.1
12:10:24.137 [Test worker] DEBUG org.apache.http.headers - http-outgoing-1 >> Host: dynamodb.us-west-2.amazonaws.com
12:10:24.137 [Test worker] DEBUG org.apache.http.headers - http-outgoing-1 >> amz-sdk-invocation-id: 86051d6d-8aac-666a-a8de-7df01d81ad04
12:10:24.138 [Test worker] DEBUG org.apache.http.headers - http-outgoing-1 >> amz-sdk-request: ttl=20220602T191114Z;attempt=1;max=11
12:10:24.138 [Test worker] DEBUG org.apache.http.headers - http-outgoing-1 >> amz-sdk-retry: 0/0/500
12:10:24.138 [Test worker] DEBUG org.apache.http.headers - http-outgoing-1 >> Authorization: AWS4-HMAC-SHA256 Credential=AKIA4QVT5K6IDDIUW4SY/20220602/us-west-2/dynamodb/aws4_request, SignedHeaders=amz-sdk-invocation-id;amz-sdk-request;amz-sdk-retry;content-length;content-type;host;user-agent;x-amz-date;x-amz-target, Signature=88dc2d8839fdeb4fdb1534743994b03cbc864342bd618bbd2568c5d2f2cd572f
12:10:24.138 [Test worker] DEBUG org.apache.http.headers - http-outgoing-1 >> Content-Type: application/x-amz-json-1.0
12:10:24.138 [Test worker] DEBUG org.apache.http.headers - http-outgoing-1 >> User-Agent: aws-sdk-java/1.11.1020 Mac_OS_X/11.6.4 OpenJDK_64-Bit_Server_VM/11.0.13+8-LTS java/11.0.13 vendor/Amazon.com_Inc. cfg/retry-mode/legacy com.amazonaws.services.dynamodbv2.datamodeling.DynamoDBMapper/1.11.1020
12:10:24.138 [Test worker] DEBUG org.apache.http.headers - http-outgoing-1 >> X-Amz-Date: 20220602T191024Z
12:10:24.138 [Test worker] DEBUG org.apache.http.headers - http-outgoing-1 >> X-Amz-Target: DynamoDB_20120810.UpdateItem
12:10:24.138 [Test worker] DEBUG org.apache.http.headers - http-outgoing-1 >> Content-Length: 375
12:10:24.138 [Test worker] DEBUG org.apache.http.headers - http-outgoing-1 >> Connection: Keep-Alive
12:10:24.138 [Test worker] DEBUG org.apache.http.wire - http-outgoing-1 >> "POST / HTTP/1.1[\r][\n]"
12:10:24.138 [Test worker] DEBUG org.apache.http.wire - http-outgoing-1 >> "Host: dynamodb.us-west-2.amazonaws.com[\r][\n]"
12:10:24.138 [Test worker] DEBUG org.apache.http.wire - http-outgoing-1 >> "amz-sdk-invocation-id: 86051d6d-8aac-666a-a8de-7df01d81ad04[\r][\n]"
12:10:24.138 [Test worker] DEBUG org.apache.http.wire - http-outgoing-1 >> "amz-sdk-request: ttl=20220602T191114Z;attempt=1;max=11[\r][\n]"
12:10:24.138 [Test worker] DEBUG org.apache.http.wire - http-outgoing-1 >> "amz-sdk-retry: 0/0/500[\r][\n]"
12:10:24.138 [Test worker] DEBUG org.apache.http.wire - http-outgoing-1 >> "Authorization: AWS4-HMAC-SHA256 Credential=AKIA4QVT5K6IDDIUW4SY/20220602/us-west-2/dynamodb/aws4_request, SignedHeaders=amz-sdk-invocation-id;amz-sdk-request;amz-sdk-retry;content-length;content-type;host;user-agent;x-amz-date;x-amz-target, Signature=88dc2d8839fdeb4fdb1534743994b03cbc864342bd618bbd2568c5d2f2cd572f[\r][\n]"
12:10:24.139 [Test worker] DEBUG org.apache.http.wire - http-outgoing-1 >> "Content-Type: application/x-amz-json-1.0[\r][\n]"
12:10:24.139 [Test worker] DEBUG org.apache.http.wire - http-outgoing-1 >> "User-Agent: aws-sdk-java/1.11.1020 Mac_OS_X/11.6.4 OpenJDK_64-Bit_Server_VM/11.0.13+8-LTS java/11.0.13 vendor/Amazon.com_Inc. cfg/retry-mode/legacy com.amazonaws.services.dynamodbv2.datamodeling.DynamoDBMapper/1.11.1020[\r][\n]"
12:10:24.139 [Test worker] DEBUG org.apache.http.wire - http-outgoing-1 >> "X-Amz-Date: 20220602T191024Z[\r][\n]"
12:10:24.139 [Test worker] DEBUG org.apache.http.wire - http-outgoing-1 >> "X-Amz-Target: DynamoDB_20120810.UpdateItem[\r][\n]"
12:10:24.139 [Test worker] DEBUG org.apache.http.wire - http-outgoing-1 >> "Content-Length: 375[\r][\n]"
12:10:24.139 [Test worker] DEBUG org.apache.http.wire - http-outgoing-1 >> "Connection: Keep-Alive[\r][\n]"
12:10:24.139 [Test worker] DEBUG org.apache.http.wire - http-outgoing-1 >> "[\r][\n]"
12:10:24.139 [Test worker] DEBUG org.apache.http.wire - http-outgoing-1 >> "{"TableName":"PublishingStatus","Key":{"publishingRecordId":{"S":"publishingstatus.bb2aa86d-9327-4968-83e4-828a8c7a3bc1"},"status":{"S":"QUEUED"}},"AttributeUpdates":{"statusMessage":{"Value":{"S":"Queued for publishing at 2022-06-02 12:10:24.116"},"Action":"PUT"},"bookId":{"Value":{"S":"book.d4d6c3c3-a8e4-4598-9010-977aae05cac3"},"Action":"PUT"}},"ReturnValues":"ALL_NEW"}"
12:10:24.173 [Test worker] DEBUG org.apache.http.wire - http-outgoing-1 << "HTTP/1.1 200 OK[\r][\n]"
12:10:24.173 [Test worker] DEBUG org.apache.http.wire - http-outgoing-1 << "Server: Server[\r][\n]"
12:10:24.173 [Test worker] DEBUG org.apache.http.wire - http-outgoing-1 << "Date: Thu, 02 Jun 2022 19:10:24 GMT[\r][\n]"
12:10:24.173 [Test worker] DEBUG org.apache.http.wire - http-outgoing-1 << "Content-Type: application/x-amz-json-1.0[\r][\n]"
12:10:24.173 [Test worker] DEBUG org.apache.http.wire - http-outgoing-1 << "Content-Length: 255[\r][\n]"
12:10:24.173 [Test worker] DEBUG org.apache.http.wire - http-outgoing-1 << "Connection: keep-alive[\r][\n]"
12:10:24.173 [Test worker] DEBUG org.apache.http.wire - http-outgoing-1 << "x-amzn-RequestId: IM8PEIHEQQQAE81P5MOTOQ3NAVVV4KQNSO5AEMVJF66Q9ASUAAJG[\r][\n]"
12:10:24.173 [Test worker] DEBUG org.apache.http.wire - http-outgoing-1 << "x-amz-crc32: 3208539025[\r][\n]"
12:10:24.173 [Test worker] DEBUG org.apache.http.wire - http-outgoing-1 << "[\r][\n]"
12:10:24.173 [Test worker] DEBUG org.apache.http.wire - http-outgoing-1 << "{"Attributes":{"publishingRecordId":{"S":"publishingstatus.bb2aa86d-9327-4968-83e4-828a8c7a3bc1"},"bookId":{"S":"book.d4d6c3c3-a8e4-4598-9010-977aae05cac3"},"statusMessage":{"S":"Queued for publishing at 2022-06-02 12:10:24.116"},"status":{"S":"QUEUED"}}}"
12:10:24.173 [Test worker] DEBUG org.apache.http.headers - http-outgoing-1 << HTTP/1.1 200 OK
12:10:24.173 [Test worker] DEBUG org.apache.http.headers - http-outgoing-1 << Server: Server
12:10:24.174 [Test worker] DEBUG org.apache.http.headers - http-outgoing-1 << Date: Thu, 02 Jun 2022 19:10:24 GMT
12:10:24.174 [Test worker] DEBUG org.apache.http.headers - http-outgoing-1 << Content-Type: application/x-amz-json-1.0
12:10:24.174 [Test worker] DEBUG org.apache.http.headers - http-outgoing-1 << Content-Length: 255
12:10:24.174 [Test worker] DEBUG org.apache.http.headers - http-outgoing-1 << Connection: keep-alive
12:10:24.174 [Test worker] DEBUG org.apache.http.headers - http-outgoing-1 << x-amzn-RequestId: IM8PEIHEQQQAE81P5MOTOQ3NAVVV4KQNSO5AEMVJF66Q9ASUAAJG
12:10:24.174 [Test worker] DEBUG org.apache.http.headers - http-outgoing-1 << x-amz-crc32: 3208539025
12:10:24.174 [Test worker] DEBUG org.apache.http.impl.execchain.MainClientExec - Connection can be kept alive for 60000 MILLISECONDS
12:10:24.174 [Test worker] DEBUG com.amazonaws.retry.ClockSkewAdjuster - Reported server date (from 'Date' header): Thu, 02 Jun 2022 19:10:24 GMT
12:10:24.174 [Test worker] DEBUG org.apache.http.impl.conn.PoolingHttpClientConnectionManager - Connection [id: 1][route: {s}->https://dynamodb.us-west-2.amazonaws.com:443] can be kept alive for 60.0 seconds
12:10:24.174 [Test worker] DEBUG org.apache.http.impl.conn.DefaultManagedHttpClientConnection - http-outgoing-1: set socket timeout to 0
12:10:24.175 [Test worker] DEBUG org.apache.http.impl.conn.PoolingHttpClientConnectionManager - Connection released: [id: 1][route: {s}->https://dynamodb.us-west-2.amazonaws.com:443][total available: 1; route allocated: 1 of 50; total allocated: 1 of 50]
12:10:24.175 [Test worker] DEBUG com.amazonaws.request - Received successful response: 200, AWS Request ID: IM8PEIHEQQQAE81P5MOTOQ3NAVVV4KQNSO5AEMVJF66Q9ASUAAJG
12:10:24.175 [Test worker] DEBUG com.amazonaws.requestId - x-amzn-RequestId: IM8PEIHEQQQAE81P5MOTOQ3NAVVV4KQNSO5AEMVJF66Q9ASUAAJG
Looking for publish request with ID publishingstatus.bb2aa86d-9327-4968-83e4-828a8c7a3bc1 in QUEUED status.
Making 10 attempts with 500 ms in between attempts.
Attempt [1]: Calling GetPublishingStatus
12:10:24.178 [Test worker] DEBUG com.amazonaws.request - Sending Request: POST https://dynamodb.us-west-2.amazonaws.com / Headers: (amz-sdk-invocation-id: be53ee4f-0a37-5b44-fb4c-55c7c270246b, Content-Length: 260, Content-Type: application/x-amz-json-1.0, User-Agent: aws-sdk-java/1.11.1020 Mac_OS_X/11.6.4 OpenJDK_64-Bit_Server_VM/11.0.13+8-LTS java/11.0.13 vendor/Amazon.com_Inc. cfg/retry-mode/legacy com.amazonaws.services.dynamodbv2.datamodeling.DynamoDBMapper/1.11.1020, X-Amz-Target: DynamoDB_20120810.Query, ) 
12:10:24.178 [Test worker] DEBUG com.amazonaws.auth.AWS4Signer - AWS4 Canonical Request: '"POST
/

amz-sdk-invocation-id:be53ee4f-0a37-5b44-fb4c-55c7c270246b
amz-sdk-request:ttl=20220602T191114Z;attempt=1;max=11
amz-sdk-retry:0/0/500
content-length:260
content-type:application/x-amz-json-1.0
host:dynamodb.us-west-2.amazonaws.com
user-agent:aws-sdk-java/1.11.1020 Mac_OS_X/11.6.4 OpenJDK_64-Bit_Server_VM/11.0.13+8-LTS java/11.0.13 vendor/Amazon.com_Inc. cfg/retry-mode/legacy com.amazonaws.services.dynamodbv2.datamodeling.DynamoDBMapper/1.11.1020
x-amz-date:20220602T191024Z
x-amz-target:DynamoDB_20120810.Query

amz-sdk-invocation-id;amz-sdk-request;amz-sdk-retry;content-length;content-type;host;user-agent;x-amz-date;x-amz-target
4295a567430b4d3a5e01f9d4fa55bae439e7dd20bd860072954bb959e893df6f"
12:10:24.179 [Test worker] DEBUG com.amazonaws.auth.AWS4Signer - AWS4 String to Sign: '"AWS4-HMAC-SHA256
20220602T191024Z
20220602/us-west-2/dynamodb/aws4_request
985e56012ea3ca08cb41016bb41afab48f119a8a09889ef07e91e159475ad667"
12:10:24.179 [Test worker] DEBUG org.apache.http.client.protocol.RequestAddCookies - CookieSpec selected: default
12:10:24.179 [Test worker] DEBUG org.apache.http.client.protocol.RequestAuthCache - Auth cache not set in the context
12:10:24.179 [Test worker] DEBUG org.apache.http.impl.conn.PoolingHttpClientConnectionManager - Connection request: [route: {s}->https://dynamodb.us-west-2.amazonaws.com:443][total available: 1; route allocated: 1 of 50; total allocated: 1 of 50]
12:10:24.179 [Test worker] DEBUG org.apache.http.impl.conn.PoolingHttpClientConnectionManager - Connection leased: [id: 1][route: {s}->https://dynamodb.us-west-2.amazonaws.com:443][total available: 0; route allocated: 1 of 50; total allocated: 1 of 50]
12:10:24.180 [Test worker] DEBUG org.apache.http.impl.conn.DefaultManagedHttpClientConnection - http-outgoing-1: set socket timeout to 50000
12:10:24.180 [Test worker] DEBUG org.apache.http.impl.conn.DefaultManagedHttpClientConnection - http-outgoing-1: set socket timeout to 50000
12:10:24.180 [Test worker] DEBUG org.apache.http.impl.execchain.MainClientExec - Executing request POST / HTTP/1.1
12:10:24.180 [Test worker] DEBUG org.apache.http.impl.execchain.MainClientExec - Proxy auth state: UNCHALLENGED
12:10:24.180 [Test worker] DEBUG org.apache.http.headers - http-outgoing-1 >> POST / HTTP/1.1
12:10:24.180 [Test worker] DEBUG org.apache.http.headers - http-outgoing-1 >> Host: dynamodb.us-west-2.amazonaws.com
12:10:24.180 [Test worker] DEBUG org.apache.http.headers - http-outgoing-1 >> amz-sdk-invocation-id: be53ee4f-0a37-5b44-fb4c-55c7c270246b
12:10:24.180 [Test worker] DEBUG org.apache.http.headers - http-outgoing-1 >> amz-sdk-request: ttl=20220602T191114Z;attempt=1;max=11
12:10:24.180 [Test worker] DEBUG org.apache.http.headers - http-outgoing-1 >> amz-sdk-retry: 0/0/500
12:10:24.180 [Test worker] DEBUG org.apache.http.headers - http-outgoing-1 >> Authorization: AWS4-HMAC-SHA256 Credential=AKIA4QVT5K6IDDIUW4SY/20220602/us-west-2/dynamodb/aws4_request, SignedHeaders=amz-sdk-invocation-id;amz-sdk-request;amz-sdk-retry;content-length;content-type;host;user-agent;x-amz-date;x-amz-target, Signature=11d169fb8b62f69546348312ebc12077bca5950bf9cfab244f7e406091f374a5
12:10:24.180 [Test worker] DEBUG org.apache.http.headers - http-outgoing-1 >> Content-Type: application/x-amz-json-1.0
12:10:24.180 [Test worker] DEBUG org.apache.http.headers - http-outgoing-1 >> User-Agent: aws-sdk-java/1.11.1020 Mac_OS_X/11.6.4 OpenJDK_64-Bit_Server_VM/11.0.13+8-LTS java/11.0.13 vendor/Amazon.com_Inc. cfg/retry-mode/legacy com.amazonaws.services.dynamodbv2.datamodeling.DynamoDBMapper/1.11.1020
12:10:24.181 [Test worker] DEBUG org.apache.http.headers - http-outgoing-1 >> X-Amz-Date: 20220602T191024Z
12:10:24.181 [Test worker] DEBUG org.apache.http.headers - http-outgoing-1 >> X-Amz-Target: DynamoDB_20120810.Query
12:10:24.181 [Test worker] DEBUG org.apache.http.headers - http-outgoing-1 >> Content-Length: 260
12:10:24.181 [Test worker] DEBUG org.apache.http.headers - http-outgoing-1 >> Connection: Keep-Alive
12:10:24.181 [Test worker] DEBUG org.apache.http.wire - http-outgoing-1 >> "POST / HTTP/1.1[\r][\n]"
12:10:24.181 [Test worker] DEBUG org.apache.http.wire - http-outgoing-1 >> "Host: dynamodb.us-west-2.amazonaws.com[\r][\n]"
12:10:24.181 [Test worker] DEBUG org.apache.http.wire - http-outgoing-1 >> "amz-sdk-invocation-id: be53ee4f-0a37-5b44-fb4c-55c7c270246b[\r][\n]"
12:10:24.181 [Test worker] DEBUG org.apache.http.wire - http-outgoing-1 >> "amz-sdk-request: ttl=20220602T191114Z;attempt=1;max=11[\r][\n]"
12:10:24.181 [Test worker] DEBUG org.apache.http.wire - http-outgoing-1 >> "amz-sdk-retry: 0/0/500[\r][\n]"
12:10:24.181 [Test worker] DEBUG org.apache.http.wire - http-outgoing-1 >> "Authorization: AWS4-HMAC-SHA256 Credential=AKIA4QVT5K6IDDIUW4SY/20220602/us-west-2/dynamodb/aws4_request, SignedHeaders=amz-sdk-invocation-id;amz-sdk-request;amz-sdk-retry;content-length;content-type;host;user-agent;x-amz-date;x-amz-target, Signature=11d169fb8b62f69546348312ebc12077bca5950bf9cfab244f7e406091f374a5[\r][\n]"
12:10:24.181 [Test worker] DEBUG org.apache.http.wire - http-outgoing-1 >> "Content-Type: application/x-amz-json-1.0[\r][\n]"
12:10:24.181 [Test worker] DEBUG org.apache.http.wire - http-outgoing-1 >> "User-Agent: aws-sdk-java/1.11.1020 Mac_OS_X/11.6.4 OpenJDK_64-Bit_Server_VM/11.0.13+8-LTS java/11.0.13 vendor/Amazon.com_Inc. cfg/retry-mode/legacy com.amazonaws.services.dynamodbv2.datamodeling.DynamoDBMapper/1.11.1020[\r][\n]"
12:10:24.181 [Test worker] DEBUG org.apache.http.wire - http-outgoing-1 >> "X-Amz-Date: 20220602T191024Z[\r][\n]"
12:10:24.181 [Test worker] DEBUG org.apache.http.wire - http-outgoing-1 >> "X-Amz-Target: DynamoDB_20120810.Query[\r][\n]"
12:10:24.182 [Test worker] DEBUG org.apache.http.wire - http-outgoing-1 >> "Content-Length: 260[\r][\n]"
12:10:24.182 [Test worker] DEBUG org.apache.http.wire - http-outgoing-1 >> "Connection: Keep-Alive[\r][\n]"
12:10:24.182 [Test worker] DEBUG org.apache.http.wire - http-outgoing-1 >> "[\r][\n]"
12:10:24.182 [Test worker] DEBUG org.apache.http.wire - http-outgoing-1 >> "{"TableName":"PublishingStatus","ConsistentRead":true,"ScanIndexForward":true,"KeyConditionExpression":"publishingRecordId = :publishingRecordId","ExpressionAttributeValues":{":publishingRecordId":{"S":"publishingstatus.bb2aa86d-9327-4968-83e4-828a8c7a3bc1"}}}"
BookPublishingTask is running!!!
12:10:24.204 [pool-2-thread-1] DEBUG com.amazonaws.request - Sending Request: POST https://dynamodb.us-west-2.amazonaws.com / Headers: (amz-sdk-invocation-id: 659feb7f-f200-4b69-eb91-134396604a72, Content-Length: 377, Content-Type: application/x-amz-json-1.0, User-Agent: aws-sdk-java/1.11.1020 Mac_OS_X/11.6.4 OpenJDK_64-Bit_Server_VM/11.0.13+8-LTS java/11.0.13 vendor/Amazon.com_Inc. cfg/retry-mode/legacy com.amazonaws.services.dynamodbv2.datamodeling.DynamoDBMapper/1.11.1020, X-Amz-Target: DynamoDB_20120810.UpdateItem, ) 
12:10:24.205 [pool-2-thread-1] DEBUG com.amazonaws.auth.AWS4Signer - AWS4 Canonical Request: '"POST
/

amz-sdk-invocation-id:659feb7f-f200-4b69-eb91-134396604a72
amz-sdk-request:ttl=20220602T191114Z;attempt=1;max=11
amz-sdk-retry:0/0/500
content-length:377
content-type:application/x-amz-json-1.0
host:dynamodb.us-west-2.amazonaws.com
user-agent:aws-sdk-java/1.11.1020 Mac_OS_X/11.6.4 OpenJDK_64-Bit_Server_VM/11.0.13+8-LTS java/11.0.13 vendor/Amazon.com_Inc. cfg/retry-mode/legacy com.amazonaws.services.dynamodbv2.datamodeling.DynamoDBMapper/1.11.1020
x-amz-date:20220602T191024Z
x-amz-target:DynamoDB_20120810.UpdateItem

amz-sdk-invocation-id;amz-sdk-request;amz-sdk-retry;content-length;content-type;host;user-agent;x-amz-date;x-amz-target
0d2908451e9c7c57b3477ab59ff80adb51d92921f552ae8d54eb61b6c6d39d62"
12:10:24.205 [pool-2-thread-1] DEBUG com.amazonaws.auth.AWS4Signer - AWS4 String to Sign: '"AWS4-HMAC-SHA256
20220602T191024Z
20220602/us-west-2/dynamodb/aws4_request
4502a15b3bb02fce75b64acbeaac7fadde3cb1444d1088131aa95e2531c6a9fb"
12:10:24.206 [pool-2-thread-1] DEBUG org.apache.http.client.protocol.RequestAddCookies - CookieSpec selected: default
12:10:24.206 [pool-2-thread-1] DEBUG org.apache.http.client.protocol.RequestAuthCache - Auth cache not set in the context
12:10:24.207 [pool-2-thread-1] DEBUG org.apache.http.impl.conn.PoolingHttpClientConnectionManager - Connection request: [route: {s}->https://dynamodb.us-west-2.amazonaws.com:443][total available: 0; route allocated: 1 of 50; total allocated: 1 of 50]
12:10:24.207 [pool-2-thread-1] DEBUG org.apache.http.impl.conn.PoolingHttpClientConnectionManager - Connection leased: [id: 2][route: {s}->https://dynamodb.us-west-2.amazonaws.com:443][total available: 0; route allocated: 2 of 50; total allocated: 2 of 50]
12:10:24.207 [pool-2-thread-1] DEBUG org.apache.http.impl.execchain.MainClientExec - Opening connection {s}->https://dynamodb.us-west-2.amazonaws.com:443
12:10:24.207 [pool-2-thread-1] DEBUG org.apache.http.impl.conn.DefaultHttpClientConnectionOperator - Connecting to dynamodb.us-west-2.amazonaws.com/52.94.28.36:443
12:10:24.207 [pool-2-thread-1] DEBUG com.amazonaws.http.conn.ssl.SdkTLSSocketFactory - connecting to dynamodb.us-west-2.amazonaws.com/52.94.28.36:443
12:10:24.207 [pool-2-thread-1] DEBUG com.amazonaws.http.conn.ssl.SdkTLSSocketFactory - Connecting socket to dynamodb.us-west-2.amazonaws.com/52.94.28.36:443 with timeout 10000
12:10:24.213 [Test worker] DEBUG org.apache.http.wire - http-outgoing-1 << "HTTP/1.1 200 OK[\r][\n]"
12:10:24.213 [Test worker] DEBUG org.apache.http.wire - http-outgoing-1 << "Server: Server[\r][\n]"
12:10:24.213 [Test worker] DEBUG org.apache.http.wire - http-outgoing-1 << "Date: Thu, 02 Jun 2022 19:10:24 GMT[\r][\n]"
12:10:24.213 [Test worker] DEBUG org.apache.http.wire - http-outgoing-1 << "Content-Type: application/x-amz-json-1.0[\r][\n]"
12:10:24.213 [Test worker] DEBUG org.apache.http.wire - http-outgoing-1 << "Content-Length: 279[\r][\n]"
12:10:24.213 [Test worker] DEBUG org.apache.http.wire - http-outgoing-1 << "Connection: keep-alive[\r][\n]"
12:10:24.213 [Test worker] DEBUG org.apache.http.wire - http-outgoing-1 << "x-amzn-RequestId: 5V509NA0KRTKED344HCBUMEO07VV4KQNSO5AEMVJF66Q9ASUAAJG[\r][\n]"
12:10:24.213 [Test worker] DEBUG org.apache.http.wire - http-outgoing-1 << "x-amz-crc32: 1704282696[\r][\n]"
12:10:24.213 [Test worker] DEBUG org.apache.http.wire - http-outgoing-1 << "[\r][\n]"
12:10:24.214 [Test worker] DEBUG org.apache.http.wire - http-outgoing-1 << "{"Count":1,"Items":[{"publishingRecordId":{"S":"publishingstatus.bb2aa86d-9327-4968-83e4-828a8c7a3bc1"},"bookId":{"S":"book.d4d6c3c3-a8e4-4598-9010-977aae05cac3"},"statusMessage":{"S":"Queued for publishing at 2022-06-02 12:10:24.116"},"status":{"S":"QUEUED"}}],"ScannedCount":1}"
12:10:24.214 [Test worker] DEBUG org.apache.http.headers - http-outgoing-1 << HTTP/1.1 200 OK
12:10:24.214 [Test worker] DEBUG org.apache.http.headers - http-outgoing-1 << Server: Server
12:10:24.214 [Test worker] DEBUG org.apache.http.headers - http-outgoing-1 << Date: Thu, 02 Jun 2022 19:10:24 GMT
12:10:24.214 [Test worker] DEBUG org.apache.http.headers - http-outgoing-1 << Content-Type: application/x-amz-json-1.0
12:10:24.214 [Test worker] DEBUG org.apache.http.headers - http-outgoing-1 << Content-Length: 279
12:10:24.214 [Test worker] DEBUG org.apache.http.headers - http-outgoing-1 << Connection: keep-alive
12:10:24.214 [Test worker] DEBUG org.apache.http.headers - http-outgoing-1 << x-amzn-RequestId: 5V509NA0KRTKED344HCBUMEO07VV4KQNSO5AEMVJF66Q9ASUAAJG
12:10:24.214 [Test worker] DEBUG org.apache.http.headers - http-outgoing-1 << x-amz-crc32: 1704282696
12:10:24.214 [Test worker] DEBUG org.apache.http.impl.execchain.MainClientExec - Connection can be kept alive for 60000 MILLISECONDS
12:10:24.214 [Test worker] DEBUG com.amazonaws.retry.ClockSkewAdjuster - Reported server date (from 'Date' header): Thu, 02 Jun 2022 19:10:24 GMT
12:10:24.215 [Test worker] DEBUG org.apache.http.impl.conn.PoolingHttpClientConnectionManager - Connection [id: 1][route: {s}->https://dynamodb.us-west-2.amazonaws.com:443] can be kept alive for 60.0 seconds
12:10:24.215 [Test worker] DEBUG org.apache.http.impl.conn.DefaultManagedHttpClientConnection - http-outgoing-1: set socket timeout to 0
12:10:24.215 [Test worker] DEBUG org.apache.http.impl.conn.PoolingHttpClientConnectionManager - Connection released: [id: 1][route: {s}->https://dynamodb.us-west-2.amazonaws.com:443][total available: 1; route allocated: 2 of 50; total allocated: 2 of 50]
12:10:24.215 [Test worker] DEBUG com.amazonaws.request - Received successful response: 200, AWS Request ID: 5V509NA0KRTKED344HCBUMEO07VV4KQNSO5AEMVJF66Q9ASUAAJG
12:10:24.215 [Test worker] DEBUG com.amazonaws.requestId - x-amzn-RequestId: 5V509NA0KRTKED344HCBUMEO07VV4KQNSO5AEMVJF66Q9ASUAAJG
Attempt [1]: Found record! [com.amazon.ata.kindlepublishingservice.models.PublishingStatusRecord@13f3214e]
Looking for publish request with ID publishingstatus.bb2aa86d-9327-4968-83e4-828a8c7a3bc1 in IN_PROGRESS status.
Making 10 attempts with 500 ms in between attempts.
Attempt [1]: Calling GetPublishingStatus
12:10:24.219 [Test worker] DEBUG com.amazonaws.request - Sending Request: POST https://dynamodb.us-west-2.amazonaws.com / Headers: (amz-sdk-invocation-id: 4d1acc85-9b2b-8c12-10ed-ae195120df33, Content-Length: 260, Content-Type: application/x-amz-json-1.0, User-Agent: aws-sdk-java/1.11.1020 Mac_OS_X/11.6.4 OpenJDK_64-Bit_Server_VM/11.0.13+8-LTS java/11.0.13 vendor/Amazon.com_Inc. cfg/retry-mode/legacy com.amazonaws.services.dynamodbv2.datamodeling.DynamoDBMapper/1.11.1020, X-Amz-Target: DynamoDB_20120810.Query, ) 
12:10:24.219 [Test worker] DEBUG com.amazonaws.auth.AWS4Signer - AWS4 Canonical Request: '"POST
/

amz-sdk-invocation-id:4d1acc85-9b2b-8c12-10ed-ae195120df33
amz-sdk-request:ttl=20220602T191114Z;attempt=1;max=11
amz-sdk-retry:0/0/500
content-length:260
content-type:application/x-amz-json-1.0
host:dynamodb.us-west-2.amazonaws.com
user-agent:aws-sdk-java/1.11.1020 Mac_OS_X/11.6.4 OpenJDK_64-Bit_Server_VM/11.0.13+8-LTS java/11.0.13 vendor/Amazon.com_Inc. cfg/retry-mode/legacy com.amazonaws.services.dynamodbv2.datamodeling.DynamoDBMapper/1.11.1020
x-amz-date:20220602T191024Z
x-amz-target:DynamoDB_20120810.Query

amz-sdk-invocation-id;amz-sdk-request;amz-sdk-retry;content-length;content-type;host;user-agent;x-amz-date;x-amz-target
4295a567430b4d3a5e01f9d4fa55bae439e7dd20bd860072954bb959e893df6f"
12:10:24.220 [Test worker] DEBUG com.amazonaws.auth.AWS4Signer - AWS4 String to Sign: '"AWS4-HMAC-SHA256
20220602T191024Z
20220602/us-west-2/dynamodb/aws4_request
446afe60c7c98fd1b0f7dfe616b2a11fe0646b8a4db9e8255c6de1ff57d90f24"
12:10:24.220 [Test worker] DEBUG org.apache.http.client.protocol.RequestAddCookies - CookieSpec selected: default
12:10:24.220 [Test worker] DEBUG org.apache.http.client.protocol.RequestAuthCache - Auth cache not set in the context
12:10:24.220 [Test worker] DEBUG org.apache.http.impl.conn.PoolingHttpClientConnectionManager - Connection request: [route: {s}->https://dynamodb.us-west-2.amazonaws.com:443][total available: 1; route allocated: 2 of 50; total allocated: 2 of 50]
12:10:24.220 [Test worker] DEBUG org.apache.http.impl.conn.PoolingHttpClientConnectionManager - Connection leased: [id: 1][route: {s}->https://dynamodb.us-west-2.amazonaws.com:443][total available: 0; route allocated: 2 of 50; total allocated: 2 of 50]
12:10:24.220 [Test worker] DEBUG org.apache.http.impl.conn.DefaultManagedHttpClientConnection - http-outgoing-1: set socket timeout to 50000
12:10:24.220 [Test worker] DEBUG org.apache.http.impl.conn.DefaultManagedHttpClientConnection - http-outgoing-1: set socket timeout to 50000
12:10:24.221 [Test worker] DEBUG org.apache.http.impl.execchain.MainClientExec - Executing request POST / HTTP/1.1
12:10:24.221 [Test worker] DEBUG org.apache.http.impl.execchain.MainClientExec - Proxy auth state: UNCHALLENGED
12:10:24.221 [Test worker] DEBUG org.apache.http.headers - http-outgoing-1 >> POST / HTTP/1.1
12:10:24.221 [Test worker] DEBUG org.apache.http.headers - http-outgoing-1 >> Host: dynamodb.us-west-2.amazonaws.com
12:10:24.221 [Test worker] DEBUG org.apache.http.headers - http-outgoing-1 >> amz-sdk-invocation-id: 4d1acc85-9b2b-8c12-10ed-ae195120df33
12:10:24.221 [Test worker] DEBUG org.apache.http.headers - http-outgoing-1 >> amz-sdk-request: ttl=20220602T191114Z;attempt=1;max=11
12:10:24.221 [Test worker] DEBUG org.apache.http.headers - http-outgoing-1 >> amz-sdk-retry: 0/0/500
12:10:24.221 [Test worker] DEBUG org.apache.http.headers - http-outgoing-1 >> Authorization: AWS4-HMAC-SHA256 Credential=AKIA4QVT5K6IDDIUW4SY/20220602/us-west-2/dynamodb/aws4_request, SignedHeaders=amz-sdk-invocation-id;amz-sdk-request;amz-sdk-retry;content-length;content-type;host;user-agent;x-amz-date;x-amz-target, Signature=ac790366903920ca8da841a3be7246fe0731ceebecbfb56d65439a5f750be55f
12:10:24.221 [Test worker] DEBUG org.apache.http.headers - http-outgoing-1 >> Content-Type: application/x-amz-json-1.0
12:10:24.221 [Test worker] DEBUG org.apache.http.headers - http-outgoing-1 >> User-Agent: aws-sdk-java/1.11.1020 Mac_OS_X/11.6.4 OpenJDK_64-Bit_Server_VM/11.0.13+8-LTS java/11.0.13 vendor/Amazon.com_Inc. cfg/retry-mode/legacy com.amazonaws.services.dynamodbv2.datamodeling.DynamoDBMapper/1.11.1020
12:10:24.221 [Test worker] DEBUG org.apache.http.headers - http-outgoing-1 >> X-Amz-Date: 20220602T191024Z
12:10:24.222 [Test worker] DEBUG org.apache.http.headers - http-outgoing-1 >> X-Amz-Target: DynamoDB_20120810.Query
12:10:24.222 [Test worker] DEBUG org.apache.http.headers - http-outgoing-1 >> Content-Length: 260
12:10:24.222 [Test worker] DEBUG org.apache.http.headers - http-outgoing-1 >> Connection: Keep-Alive
12:10:24.222 [Test worker] DEBUG org.apache.http.wire - http-outgoing-1 >> "POST / HTTP/1.1[\r][\n]"
12:10:24.222 [Test worker] DEBUG org.apache.http.wire - http-outgoing-1 >> "Host: dynamodb.us-west-2.amazonaws.com[\r][\n]"
12:10:24.222 [Test worker] DEBUG org.apache.http.wire - http-outgoing-1 >> "amz-sdk-invocation-id: 4d1acc85-9b2b-8c12-10ed-ae195120df33[\r][\n]"
12:10:24.222 [Test worker] DEBUG org.apache.http.wire - http-outgoing-1 >> "amz-sdk-request: ttl=20220602T191114Z;attempt=1;max=11[\r][\n]"
12:10:24.222 [Test worker] DEBUG org.apache.http.wire - http-outgoing-1 >> "amz-sdk-retry: 0/0/500[\r][\n]"
12:10:24.222 [Test worker] DEBUG org.apache.http.wire - http-outgoing-1 >> "Authorization: AWS4-HMAC-SHA256 Credential=AKIA4QVT5K6IDDIUW4SY/20220602/us-west-2/dynamodb/aws4_request, SignedHeaders=amz-sdk-invocation-id;amz-sdk-request;amz-sdk-retry;content-length;content-type;host;user-agent;x-amz-date;x-amz-target, Signature=ac790366903920ca8da841a3be7246fe0731ceebecbfb56d65439a5f750be55f[\r][\n]"
12:10:24.222 [Test worker] DEBUG org.apache.http.wire - http-outgoing-1 >> "Content-Type: application/x-amz-json-1.0[\r][\n]"
12:10:24.222 [Test worker] DEBUG org.apache.http.wire - http-outgoing-1 >> "User-Agent: aws-sdk-java/1.11.1020 Mac_OS_X/11.6.4 OpenJDK_64-Bit_Server_VM/11.0.13+8-LTS java/11.0.13 vendor/Amazon.com_Inc. cfg/retry-mode/legacy com.amazonaws.services.dynamodbv2.datamodeling.DynamoDBMapper/1.11.1020[\r][\n]"
12:10:24.222 [Test worker] DEBUG org.apache.http.wire - http-outgoing-1 >> "X-Amz-Date: 20220602T191024Z[\r][\n]"
12:10:24.222 [Test worker] DEBUG org.apache.http.wire - http-outgoing-1 >> "X-Amz-Target: DynamoDB_20120810.Query[\r][\n]"
12:10:24.222 [Test worker] DEBUG org.apache.http.wire - http-outgoing-1 >> "Content-Length: 260[\r][\n]"
12:10:24.222 [Test worker] DEBUG org.apache.http.wire - http-outgoing-1 >> "Connection: Keep-Alive[\r][\n]"
12:10:24.222 [Test worker] DEBUG org.apache.http.wire - http-outgoing-1 >> "[\r][\n]"
12:10:24.222 [Test worker] DEBUG org.apache.http.wire - http-outgoing-1 >> "{"TableName":"PublishingStatus","ConsistentRead":true,"ScanIndexForward":true,"KeyConditionExpression":"publishingRecordId = :publishingRecordId","ExpressionAttributeValues":{":publishingRecordId":{"S":"publishingstatus.bb2aa86d-9327-4968-83e4-828a8c7a3bc1"}}}"
12:10:24.237 [pool-2-thread-1] DEBUG com.amazonaws.http.conn.ssl.SdkTLSSocketFactory - Enabled protocols: [TLSv1.3, TLSv1.2, TLSv1.1, TLSv1]
12:10:24.238 [pool-2-thread-1] DEBUG com.amazonaws.http.conn.ssl.SdkTLSSocketFactory - Enabled cipher suites:[TLS_AES_256_GCM_SHA384, TLS_AES_128_GCM_SHA256, TLS_CHACHA20_POLY1305_SHA256, TLS_ECDHE_ECDSA_WITH_AES_256_GCM_SHA384, TLS_ECDHE_ECDSA_WITH_AES_128_GCM_SHA256, TLS_ECDHE_ECDSA_WITH_CHACHA20_POLY1305_SHA256, TLS_ECDHE_RSA_WITH_AES_256_GCM_SHA384, TLS_ECDHE_RSA_WITH_CHACHA20_POLY1305_SHA256, TLS_ECDHE_RSA_WITH_AES_128_GCM_SHA256, TLS_DHE_RSA_WITH_AES_256_GCM_SHA384, TLS_DHE_RSA_WITH_CHACHA20_POLY1305_SHA256, TLS_DHE_DSS_WITH_AES_256_GCM_SHA384, TLS_DHE_RSA_WITH_AES_128_GCM_SHA256, TLS_DHE_DSS_WITH_AES_128_GCM_SHA256, TLS_ECDHE_ECDSA_WITH_AES_256_CBC_SHA384, TLS_ECDHE_RSA_WITH_AES_256_CBC_SHA384, TLS_ECDHE_ECDSA_WITH_AES_128_CBC_SHA256, TLS_ECDHE_RSA_WITH_AES_128_CBC_SHA256, TLS_DHE_RSA_WITH_AES_256_CBC_SHA256, TLS_DHE_DSS_WITH_AES_256_CBC_SHA256, TLS_DHE_RSA_WITH_AES_128_CBC_SHA256, TLS_DHE_DSS_WITH_AES_128_CBC_SHA256, TLS_ECDH_ECDSA_WITH_AES_256_GCM_SHA384, TLS_ECDH_RSA_WITH_AES_256_GCM_SHA384, TLS_ECDH_ECDSA_WITH_AES_128_GCM_SHA256, TLS_ECDH_RSA_WITH_AES_128_GCM_SHA256, TLS_ECDH_ECDSA_WITH_AES_256_CBC_SHA384, TLS_ECDH_RSA_WITH_AES_256_CBC_SHA384, TLS_ECDH_ECDSA_WITH_AES_128_CBC_SHA256, TLS_ECDH_RSA_WITH_AES_128_CBC_SHA256, TLS_ECDHE_ECDSA_WITH_AES_256_CBC_SHA, TLS_ECDHE_RSA_WITH_AES_256_CBC_SHA, TLS_ECDHE_ECDSA_WITH_AES_128_CBC_SHA, TLS_ECDHE_RSA_WITH_AES_128_CBC_SHA, TLS_DHE_RSA_WITH_AES_256_CBC_SHA, TLS_DHE_DSS_WITH_AES_256_CBC_SHA, TLS_DHE_RSA_WITH_AES_128_CBC_SHA, TLS_DHE_DSS_WITH_AES_128_CBC_SHA, TLS_ECDH_ECDSA_WITH_AES_256_CBC_SHA, TLS_ECDH_RSA_WITH_AES_256_CBC_SHA, TLS_ECDH_ECDSA_WITH_AES_128_CBC_SHA, TLS_ECDH_RSA_WITH_AES_128_CBC_SHA, TLS_RSA_WITH_AES_256_GCM_SHA384, TLS_RSA_WITH_AES_128_GCM_SHA256, TLS_RSA_WITH_AES_256_CBC_SHA256, TLS_RSA_WITH_AES_128_CBC_SHA256, TLS_RSA_WITH_AES_256_CBC_SHA, TLS_RSA_WITH_AES_128_CBC_SHA, TLS_EMPTY_RENEGOTIATION_INFO_SCSV]
12:10:24.238 [pool-2-thread-1] DEBUG com.amazonaws.http.conn.ssl.SdkTLSSocketFactory - socket.getSupportedProtocols(): [TLSv1.3, TLSv1.2, TLSv1.1, TLSv1, SSLv3, SSLv2Hello], socket.getEnabledProtocols(): [TLSv1.3, TLSv1.2, TLSv1.1, TLSv1]
12:10:24.238 [pool-2-thread-1] DEBUG com.amazonaws.http.conn.ssl.SdkTLSSocketFactory - TLS protocol enabled for SSL handshake: [TLSv1.2, TLSv1.1, TLSv1, TLSv1.3]
12:10:24.238 [pool-2-thread-1] DEBUG com.amazonaws.http.conn.ssl.SdkTLSSocketFactory - Starting handshake
12:10:24.255 [Test worker] DEBUG org.apache.http.wire - http-outgoing-1 << "HTTP/1.1 200 OK[\r][\n]"
12:10:24.255 [Test worker] DEBUG org.apache.http.wire - http-outgoing-1 << "Server: Server[\r][\n]"
12:10:24.255 [Test worker] DEBUG org.apache.http.wire - http-outgoing-1 << "Date: Thu, 02 Jun 2022 19:10:24 GMT[\r][\n]"
12:10:24.255 [Test worker] DEBUG org.apache.http.wire - http-outgoing-1 << "Content-Type: application/x-amz-json-1.0[\r][\n]"
12:10:24.255 [Test worker] DEBUG org.apache.http.wire - http-outgoing-1 << "Content-Length: 279[\r][\n]"
12:10:24.255 [Test worker] DEBUG org.apache.http.wire - http-outgoing-1 << "Connection: keep-alive[\r][\n]"
12:10:24.255 [Test worker] DEBUG org.apache.http.wire - http-outgoing-1 << "x-amzn-RequestId: L3QOIF50AN3126GVI0A5G2H6V7VV4KQNSO5AEMVJF66Q9ASUAAJG[\r][\n]"
12:10:24.255 [Test worker] DEBUG org.apache.http.wire - http-outgoing-1 << "x-amz-crc32: 1704282696[\r][\n]"
12:10:24.255 [Test worker] DEBUG org.apache.http.wire - http-outgoing-1 << "[\r][\n]"
12:10:24.255 [Test worker] DEBUG org.apache.http.wire - http-outgoing-1 << "{"Count":1,"Items":[{"publishingRecordId":{"S":"publishingstatus.bb2aa86d-9327-4968-83e4-828a8c7a3bc1"},"bookId":{"S":"book.d4d6c3c3-a8e4-4598-9010-977aae05cac3"},"statusMessage":{"S":"Queued for publishing at 2022-06-02 12:10:24.116"},"status":{"S":"QUEUED"}}],"ScannedCount":1}"
12:10:24.255 [Test worker] DEBUG org.apache.http.headers - http-outgoing-1 << HTTP/1.1 200 OK
12:10:24.255 [Test worker] DEBUG org.apache.http.headers - http-outgoing-1 << Server: Server
12:10:24.255 [Test worker] DEBUG org.apache.http.headers - http-outgoing-1 << Date: Thu, 02 Jun 2022 19:10:24 GMT
12:10:24.255 [Test worker] DEBUG org.apache.http.headers - http-outgoing-1 << Content-Type: application/x-amz-json-1.0
12:10:24.255 [Test worker] DEBUG org.apache.http.headers - http-outgoing-1 << Content-Length: 279
12:10:24.256 [Test worker] DEBUG org.apache.http.headers - http-outgoing-1 << Connection: keep-alive
12:10:24.256 [Test worker] DEBUG org.apache.http.headers - http-outgoing-1 << x-amzn-RequestId: L3QOIF50AN3126GVI0A5G2H6V7VV4KQNSO5AEMVJF66Q9ASUAAJG
12:10:24.256 [Test worker] DEBUG org.apache.http.headers - http-outgoing-1 << x-amz-crc32: 1704282696
12:10:24.256 [Test worker] DEBUG org.apache.http.impl.execchain.MainClientExec - Connection can be kept alive for 60000 MILLISECONDS
12:10:24.256 [Test worker] DEBUG com.amazonaws.retry.ClockSkewAdjuster - Reported server date (from 'Date' header): Thu, 02 Jun 2022 19:10:24 GMT
12:10:24.256 [Test worker] DEBUG org.apache.http.impl.conn.PoolingHttpClientConnectionManager - Connection [id: 1][route: {s}->https://dynamodb.us-west-2.amazonaws.com:443] can be kept alive for 60.0 seconds
12:10:24.256 [Test worker] DEBUG org.apache.http.impl.conn.DefaultManagedHttpClientConnection - http-outgoing-1: set socket timeout to 0
12:10:24.256 [Test worker] DEBUG org.apache.http.impl.conn.PoolingHttpClientConnectionManager - Connection released: [id: 1][route: {s}->https://dynamodb.us-west-2.amazonaws.com:443][total available: 1; route allocated: 2 of 50; total allocated: 2 of 50]
12:10:24.257 [Test worker] DEBUG com.amazonaws.request - Received successful response: 200, AWS Request ID: L3QOIF50AN3126GVI0A5G2H6V7VV4KQNSO5AEMVJF66Q9ASUAAJG
12:10:24.257 [Test worker] DEBUG com.amazonaws.requestId - x-amzn-RequestId: L3QOIF50AN3126GVI0A5G2H6V7VV4KQNSO5AEMVJF66Q9ASUAAJG
Attempt [1]: Did not find a record. Waiting 500 milliseconds before next attempt
12:10:24.331 [pool-2-thread-1] DEBUG com.amazonaws.http.conn.ssl.SdkTLSSocketFactory - Secure session established
12:10:24.331 [pool-2-thread-1] DEBUG com.amazonaws.http.conn.ssl.SdkTLSSocketFactory -  negotiated protocol: TLSv1.2
12:10:24.331 [pool-2-thread-1] DEBUG com.amazonaws.http.conn.ssl.SdkTLSSocketFactory -  negotiated cipher suite: TLS_ECDHE_RSA_WITH_AES_128_GCM_SHA256
12:10:24.331 [pool-2-thread-1] DEBUG com.amazonaws.http.conn.ssl.SdkTLSSocketFactory -  peer principal: CN=dynamodb.us-west-2.amazonaws.com
12:10:24.331 [pool-2-thread-1] DEBUG com.amazonaws.http.conn.ssl.SdkTLSSocketFactory -  peer alternative names: [dynamodb.us-west-2.amazonaws.com, *.ddb.us-west-2.amazonaws.com]
12:10:24.331 [pool-2-thread-1] DEBUG com.amazonaws.http.conn.ssl.SdkTLSSocketFactory -  issuer principal: CN=Amazon, OU=Server CA 1B, O=Amazon, C=US
12:10:24.332 [pool-2-thread-1] DEBUG com.amazonaws.internal.SdkSSLSocket - created: dynamodb.us-west-2.amazonaws.com/52.94.28.36:443
12:10:24.332 [pool-2-thread-1] DEBUG org.apache.http.impl.conn.DefaultHttpClientConnectionOperator - Connection established 192.168.1.86:57434<->52.94.28.36:443
12:10:24.332 [pool-2-thread-1] DEBUG org.apache.http.impl.conn.DefaultManagedHttpClientConnection - http-outgoing-2: set socket timeout to 50000
12:10:24.332 [pool-2-thread-1] DEBUG org.apache.http.impl.execchain.MainClientExec - Executing request POST / HTTP/1.1
12:10:24.332 [pool-2-thread-1] DEBUG org.apache.http.impl.execchain.MainClientExec - Proxy auth state: UNCHALLENGED
12:10:24.332 [pool-2-thread-1] DEBUG org.apache.http.headers - http-outgoing-2 >> POST / HTTP/1.1
12:10:24.332 [pool-2-thread-1] DEBUG org.apache.http.headers - http-outgoing-2 >> Host: dynamodb.us-west-2.amazonaws.com
12:10:24.332 [pool-2-thread-1] DEBUG org.apache.http.headers - http-outgoing-2 >> amz-sdk-invocation-id: 659feb7f-f200-4b69-eb91-134396604a72
12:10:24.332 [pool-2-thread-1] DEBUG org.apache.http.headers - http-outgoing-2 >> amz-sdk-request: ttl=20220602T191114Z;attempt=1;max=11
12:10:24.332 [pool-2-thread-1] DEBUG org.apache.http.headers - http-outgoing-2 >> amz-sdk-retry: 0/0/500
12:10:24.332 [pool-2-thread-1] DEBUG org.apache.http.headers - http-outgoing-2 >> Authorization: AWS4-HMAC-SHA256 Credential=AKIA4QVT5K6IDDIUW4SY/20220602/us-west-2/dynamodb/aws4_request, SignedHeaders=amz-sdk-invocation-id;amz-sdk-request;amz-sdk-retry;content-length;content-type;host;user-agent;x-amz-date;x-amz-target, Signature=45bff879ba6818fcfbdda78b8723e0e74fd75caa8977f64709f7d0eae62266df
12:10:24.333 [pool-2-thread-1] DEBUG org.apache.http.headers - http-outgoing-2 >> Content-Type: application/x-amz-json-1.0
12:10:24.333 [pool-2-thread-1] DEBUG org.apache.http.headers - http-outgoing-2 >> User-Agent: aws-sdk-java/1.11.1020 Mac_OS_X/11.6.4 OpenJDK_64-Bit_Server_VM/11.0.13+8-LTS java/11.0.13 vendor/Amazon.com_Inc. cfg/retry-mode/legacy com.amazonaws.services.dynamodbv2.datamodeling.DynamoDBMapper/1.11.1020
12:10:24.333 [pool-2-thread-1] DEBUG org.apache.http.headers - http-outgoing-2 >> X-Amz-Date: 20220602T191024Z
12:10:24.333 [pool-2-thread-1] DEBUG org.apache.http.headers - http-outgoing-2 >> X-Amz-Target: DynamoDB_20120810.UpdateItem
12:10:24.333 [pool-2-thread-1] DEBUG org.apache.http.headers - http-outgoing-2 >> Content-Length: 377
12:10:24.333 [pool-2-thread-1] DEBUG org.apache.http.headers - http-outgoing-2 >> Connection: Keep-Alive
12:10:24.333 [pool-2-thread-1] DEBUG org.apache.http.wire - http-outgoing-2 >> "POST / HTTP/1.1[\r][\n]"
12:10:24.333 [pool-2-thread-1] DEBUG org.apache.http.wire - http-outgoing-2 >> "Host: dynamodb.us-west-2.amazonaws.com[\r][\n]"
12:10:24.333 [pool-2-thread-1] DEBUG org.apache.http.wire - http-outgoing-2 >> "amz-sdk-invocation-id: 659feb7f-f200-4b69-eb91-134396604a72[\r][\n]"
12:10:24.333 [pool-2-thread-1] DEBUG org.apache.http.wire - http-outgoing-2 >> "amz-sdk-request: ttl=20220602T191114Z;attempt=1;max=11[\r][\n]"
12:10:24.333 [pool-2-thread-1] DEBUG org.apache.http.wire - http-outgoing-2 >> "amz-sdk-retry: 0/0/500[\r][\n]"
12:10:24.333 [pool-2-thread-1] DEBUG org.apache.http.wire - http-outgoing-2 >> "Authorization: AWS4-HMAC-SHA256 Credential=AKIA4QVT5K6IDDIUW4SY/20220602/us-west-2/dynamodb/aws4_request, SignedHeaders=amz-sdk-invocation-id;amz-sdk-request;amz-sdk-retry;content-length;content-type;host;user-agent;x-amz-date;x-amz-target, Signature=45bff879ba6818fcfbdda78b8723e0e74fd75caa8977f64709f7d0eae62266df[\r][\n]"
12:10:24.333 [pool-2-thread-1] DEBUG org.apache.http.wire - http-outgoing-2 >> "Content-Type: application/x-amz-json-1.0[\r][\n]"
12:10:24.333 [pool-2-thread-1] DEBUG org.apache.http.wire - http-outgoing-2 >> "User-Agent: aws-sdk-java/1.11.1020 Mac_OS_X/11.6.4 OpenJDK_64-Bit_Server_VM/11.0.13+8-LTS java/11.0.13 vendor/Amazon.com_Inc. cfg/retry-mode/legacy com.amazonaws.services.dynamodbv2.datamodeling.DynamoDBMapper/1.11.1020[\r][\n]"
12:10:24.333 [pool-2-thread-1] DEBUG org.apache.http.wire - http-outgoing-2 >> "X-Amz-Date: 20220602T191024Z[\r][\n]"
12:10:24.333 [pool-2-thread-1] DEBUG org.apache.http.wire - http-outgoing-2 >> "X-Amz-Target: DynamoDB_20120810.UpdateItem[\r][\n]"
12:10:24.333 [pool-2-thread-1] DEBUG org.apache.http.wire - http-outgoing-2 >> "Content-Length: 377[\r][\n]"
12:10:24.333 [pool-2-thread-1] DEBUG org.apache.http.wire - http-outgoing-2 >> "Connection: Keep-Alive[\r][\n]"
12:10:24.334 [pool-2-thread-1] DEBUG org.apache.http.wire - http-outgoing-2 >> "[\r][\n]"
12:10:24.334 [pool-2-thread-1] DEBUG org.apache.http.wire - http-outgoing-2 >> "{"TableName":"PublishingStatus","Key":{"publishingRecordId":{"S":"publishingstatus.bb2aa86d-9327-4968-83e4-828a8c7a3bc1"},"status":{"S":"IN_PROGRESS"}},"AttributeUpdates":{"statusMessage":{"Value":{"S":"Processing started at 2022-06-02 12:10:24.204"},"Action":"PUT"},"bookId":{"Value":{"S":"book.d4d6c3c3-a8e4-4598-9010-977aae05cac3"},"Action":"PUT"}},"ReturnValues":"ALL_NEW"}"
12:10:24.384 [pool-2-thread-1] DEBUG org.apache.http.wire - http-outgoing-2 << "HTTP/1.1 200 OK[\r][\n]"
12:10:24.384 [pool-2-thread-1] DEBUG org.apache.http.wire - http-outgoing-2 << "Server: Server[\r][\n]"
12:10:24.384 [pool-2-thread-1] DEBUG org.apache.http.wire - http-outgoing-2 << "Date: Thu, 02 Jun 2022 19:10:24 GMT[\r][\n]"
12:10:24.384 [pool-2-thread-1] DEBUG org.apache.http.wire - http-outgoing-2 << "Content-Type: application/x-amz-json-1.0[\r][\n]"
12:10:24.384 [pool-2-thread-1] DEBUG org.apache.http.wire - http-outgoing-2 << "Content-Length: 257[\r][\n]"
12:10:24.384 [pool-2-thread-1] DEBUG org.apache.http.wire - http-outgoing-2 << "Connection: keep-alive[\r][\n]"
12:10:24.384 [pool-2-thread-1] DEBUG org.apache.http.wire - http-outgoing-2 << "x-amzn-RequestId: SQKRBO45R6HLLA469Q5JPBPOTJVV4KQNSO5AEMVJF66Q9ASUAAJG[\r][\n]"
12:10:24.384 [pool-2-thread-1] DEBUG org.apache.http.wire - http-outgoing-2 << "x-amz-crc32: 3352473534[\r][\n]"
12:10:24.384 [pool-2-thread-1] DEBUG org.apache.http.wire - http-outgoing-2 << "[\r][\n]"
12:10:24.384 [pool-2-thread-1] DEBUG org.apache.http.wire - http-outgoing-2 << "{"Attributes":{"publishingRecordId":{"S":"publishingstatus.bb2aa86d-9327-4968-83e4-828a8c7a3bc1"},"bookId":{"S":"book.d4d6c3c3-a8e4-4598-9010-977aae05cac3"},"statusMessage":{"S":"Processing started at 2022-06-02 12:10:24.204"},"status":{"S":"IN_PROGRESS"}}}"
12:10:24.385 [pool-2-thread-1] DEBUG org.apache.http.headers - http-outgoing-2 << HTTP/1.1 200 OK
12:10:24.385 [pool-2-thread-1] DEBUG org.apache.http.headers - http-outgoing-2 << Server: Server
12:10:24.385 [pool-2-thread-1] DEBUG org.apache.http.headers - http-outgoing-2 << Date: Thu, 02 Jun 2022 19:10:24 GMT
12:10:24.385 [pool-2-thread-1] DEBUG org.apache.http.headers - http-outgoing-2 << Content-Type: application/x-amz-json-1.0
12:10:24.385 [pool-2-thread-1] DEBUG org.apache.http.headers - http-outgoing-2 << Content-Length: 257
12:10:24.385 [pool-2-thread-1] DEBUG org.apache.http.headers - http-outgoing-2 << Connection: keep-alive
12:10:24.385 [pool-2-thread-1] DEBUG org.apache.http.headers - http-outgoing-2 << x-amzn-RequestId: SQKRBO45R6HLLA469Q5JPBPOTJVV4KQNSO5AEMVJF66Q9ASUAAJG
12:10:24.385 [pool-2-thread-1] DEBUG org.apache.http.headers - http-outgoing-2 << x-amz-crc32: 3352473534
12:10:24.385 [pool-2-thread-1] DEBUG org.apache.http.impl.execchain.MainClientExec - Connection can be kept alive for 60000 MILLISECONDS
12:10:24.385 [pool-2-thread-1] DEBUG com.amazonaws.retry.ClockSkewAdjuster - Reported server date (from 'Date' header): Thu, 02 Jun 2022 19:10:24 GMT
12:10:24.386 [pool-2-thread-1] DEBUG org.apache.http.impl.conn.PoolingHttpClientConnectionManager - Connection [id: 2][route: {s}->https://dynamodb.us-west-2.amazonaws.com:443] can be kept alive for 60.0 seconds
12:10:24.386 [pool-2-thread-1] DEBUG org.apache.http.impl.conn.DefaultManagedHttpClientConnection - http-outgoing-2: set socket timeout to 0
12:10:24.386 [pool-2-thread-1] DEBUG org.apache.http.impl.conn.PoolingHttpClientConnectionManager - Connection released: [id: 2][route: {s}->https://dynamodb.us-west-2.amazonaws.com:443][total available: 2; route allocated: 2 of 50; total allocated: 2 of 50]
12:10:24.386 [pool-2-thread-1] DEBUG com.amazonaws.request - Received successful response: 200, AWS Request ID: SQKRBO45R6HLLA469Q5JPBPOTJVV4KQNSO5AEMVJF66Q9ASUAAJG
12:10:24.386 [pool-2-thread-1] DEBUG com.amazonaws.requestId - x-amzn-RequestId: SQKRBO45R6HLLA469Q5JPBPOTJVV4KQNSO5AEMVJF66Q9ASUAAJG
Attempt [2]: Calling GetPublishingStatus
[...]
content-length:220
content-type:application/x-amz-json-1.0
host:dynamodb.us-west-2.amazonaws.com
user-agent:aws-sdk-java/1.11.1020 Mac_OS_X/11.6.4 OpenJDK_64-Bit_Server_VM/11.0.13+8-LTS java/11.0.13 vendor/Amazon.com_Inc. cfg/retry-mode/legacy com.amazonaws.services.dynamodbv2.datamodeling.DynamoDBMapper/1.11.1020
x-amz-date:20220602T191102Z
x-amz-target:DynamoDB_20120810.Query

amz-sdk-invocation-id;amz-sdk-request;amz-sdk-retry;content-length;content-type;host;user-agent;x-amz-date;x-amz-target
60c78f6010a5b5ed602e742b10eeefd221d090a93f7effac6386c5796b512170"
12:11:02.317 [Test worker] DEBUG com.amazonaws.auth.AWS4Signer - AWS4 String to Sign: '"AWS4-HMAC-SHA256
20220602T191102Z
20220602/us-west-2/dynamodb/aws4_request
8f944372731fef9a1cbe5d0468427a3cfd656bb5e8b998b96cdb89b8e7b83255"
12:11:02.317 [Test worker] DEBUG org.apache.http.client.protocol.RequestAddCookies - CookieSpec selected: default
12:11:02.317 [Test worker] DEBUG org.apache.http.client.protocol.RequestAuthCache - Auth cache not set in the context
12:11:02.318 [Test worker] DEBUG org.apache.http.impl.conn.PoolingHttpClientConnectionManager - Connection request: [route: {s}->https://dynamodb.us-west-2.amazonaws.com:443][total available: 2; route allocated: 2 of 50; total allocated: 2 of 50]
12:11:02.318 [Test worker] DEBUG org.apache.http.impl.conn.PoolingHttpClientConnectionManager - Connection leased: [id: 1][route: {s}->https://dynamodb.us-west-2.amazonaws.com:443][total available: 1; route allocated: 2 of 50; total allocated: 2 of 50]
12:11:02.318 [Test worker] DEBUG org.apache.http.impl.conn.DefaultManagedHttpClientConnection - http-outgoing-1: set socket timeout to 50000
12:11:02.318 [Test worker] DEBUG org.apache.http.impl.conn.DefaultManagedHttpClientConnection - http-outgoing-1: set socket timeout to 50000
12:11:02.318 [Test worker] DEBUG org.apache.http.impl.execchain.MainClientExec - Executing request POST / HTTP/1.1
12:11:02.318 [Test worker] DEBUG org.apache.http.impl.execchain.MainClientExec - Proxy auth state: UNCHALLENGED
12:11:02.318 [Test worker] DEBUG org.apache.http.headers - http-outgoing-1 >> POST / HTTP/1.1
12:11:02.318 [Test worker] DEBUG org.apache.http.headers - http-outgoing-1 >> Host: dynamodb.us-west-2.amazonaws.com
12:11:02.318 [Test worker] DEBUG org.apache.http.headers - http-outgoing-1 >> amz-sdk-invocation-id: aaac89f8-8565-fcec-ca59-f1646feea8a8
12:11:02.318 [Test worker] DEBUG org.apache.http.headers - http-outgoing-1 >> amz-sdk-request: ttl=20220602T191152Z;attempt=1;max=11
12:11:02.318 [Test worker] DEBUG org.apache.http.headers - http-outgoing-1 >> amz-sdk-retry: 0/0/500
12:11:02.318 [Test worker] DEBUG org.apache.http.headers - http-outgoing-1 >> Authorization: AWS4-HMAC-SHA256 Credential=AKIA4QVT5K6IDDIUW4SY/20220602/us-west-2/dynamodb/aws4_request, SignedHeaders=amz-sdk-invocation-id;amz-sdk-request;amz-sdk-retry;content-length;content-type;host;user-agent;x-amz-date;x-amz-target, Signature=f9729e2cf003236cdf18ce39a290dce82dd73f33ef12a092910a4117a4862600
12:11:02.318 [Test worker] DEBUG org.apache.http.headers - http-outgoing-1 >> Content-Type: application/x-amz-json-1.0
12:11:02.318 [Test worker] DEBUG org.apache.http.headers - http-outgoing-1 >> User-Agent: aws-sdk-java/1.11.1020 Mac_OS_X/11.6.4 OpenJDK_64-Bit_Server_VM/11.0.13+8-LTS java/11.0.13 vendor/Amazon.com_Inc. cfg/retry-mode/legacy com.amazonaws.services.dynamodbv2.datamodeling.DynamoDBMapper/1.11.1020
12:11:02.318 [Test worker] DEBUG org.apache.http.headers - http-outgoing-1 >> X-Amz-Date: 20220602T191102Z
12:11:02.318 [Test worker] DEBUG org.apache.http.headers - http-outgoing-1 >> X-Amz-Target: DynamoDB_20120810.Query
12:11:02.318 [Test worker] DEBUG org.apache.http.headers - http-outgoing-1 >> Content-Length: 220
12:11:02.318 [Test worker] DEBUG org.apache.http.headers - http-outgoing-1 >> Connection: Keep-Alive
12:11:02.318 [Test worker] DEBUG org.apache.http.wire - http-outgoing-1 >> "POST / HTTP/1.1[\r][\n]"
12:11:02.318 [Test worker] DEBUG org.apache.http.wire - http-outgoing-1 >> "Host: dynamodb.us-west-2.amazonaws.com[\r][\n]"
12:11:02.318 [Test worker] DEBUG org.apache.http.wire - http-outgoing-1 >> "amz-sdk-invocation-id: aaac89f8-8565-fcec-ca59-f1646feea8a8[\r][\n]"
12:11:02.318 [Test worker] DEBUG org.apache.http.wire - http-outgoing-1 >> "amz-sdk-request: ttl=20220602T191152Z;attempt=1;max=11[\r][\n]"
12:11:02.318 [Test worker] DEBUG org.apache.http.wire - http-outgoing-1 >> "amz-sdk-retry: 0/0/500[\r][\n]"
12:11:02.318 [Test worker] DEBUG org.apache.http.wire - http-outgoing-1 >> "Authorization: AWS4-HMAC-SHA256 Credential=AKIA4QVT5K6IDDIUW4SY/20220602/us-west-2/dynamodb/aws4_request, SignedHeaders=amz-sdk-invocation-id;amz-sdk-request;amz-sdk-retry;content-length;content-type;host;user-agent;x-amz-date;x-amz-target, Signature=f9729e2cf003236cdf18ce39a290dce82dd73f33ef12a092910a4117a4862600[\r][\n]"
12:11:02.318 [Test worker] DEBUG org.apache.http.wire - http-outgoing-1 >> "Content-Type: application/x-amz-json-1.0[\r][\n]"
12:11:02.318 [Test worker] DEBUG org.apache.http.wire - http-outgoing-1 >> "User-Agent: aws-sdk-java/1.11.1020 Mac_OS_X/11.6.4 OpenJDK_64-Bit_Server_VM/11.0.13+8-LTS java/11.0.13 vendor/Amazon.com_Inc. cfg/retry-mode/legacy com.amazonaws.services.dynamodbv2.datamodeling.DynamoDBMapper/1.11.1020[\r][\n]"
12:11:02.318 [Test worker] DEBUG org.apache.http.wire - http-outgoing-1 >> "X-Amz-Date: 20220602T191102Z[\r][\n]"
12:11:02.318 [Test worker] DEBUG org.apache.http.wire - http-outgoing-1 >> "X-Amz-Target: DynamoDB_20120810.Query[\r][\n]"
12:11:02.318 [Test worker] DEBUG org.apache.http.wire - http-outgoing-1 >> "Content-Length: 220[\r][\n]"
12:11:02.318 [Test worker] DEBUG org.apache.http.wire - http-outgoing-1 >> "Connection: Keep-Alive[\r][\n]"
12:11:02.318 [Test worker] DEBUG org.apache.http.wire - http-outgoing-1 >> "[\r][\n]"
12:11:02.318 [Test worker] DEBUG org.apache.http.wire - http-outgoing-1 >> "{"TableName":"CatalogItemVersions","Limit":1,"ConsistentRead":true,"KeyConditions":{"bookId":{"AttributeValueList":[{"S":"book.a360139e-74d1-49cf-8fdb-3c214b115cd0"}],"ComparisonOperator":"EQ"}},"ScanIndexForward":false}"
12:11:02.351 [Test worker] DEBUG org.apache.http.wire - http-outgoing-1 << "HTTP/1.1 200 OK[\r][\n]"
12:11:02.351 [Test worker] DEBUG org.apache.http.wire - http-outgoing-1 << "Server: Server[\r][\n]"
12:11:02.351 [Test worker] DEBUG org.apache.http.wire - http-outgoing-1 << "Date: Thu, 02 Jun 2022 19:11:02 GMT[\r][\n]"
12:11:02.351 [Test worker] DEBUG org.apache.http.wire - http-outgoing-1 << "Content-Type: application/x-amz-json-1.0[\r][\n]"
12:11:02.351 [Test worker] DEBUG org.apache.http.wire - http-outgoing-1 << "Content-Length: 229[\r][\n]"
12:11:02.351 [Test worker] DEBUG org.apache.http.wire - http-outgoing-1 << "Connection: keep-alive[\r][\n]"
12:11:02.351 [Test worker] DEBUG org.apache.http.wire - http-outgoing-1 << "x-amzn-RequestId: 2OSMD110JT203PEVEE97GEHHBFVV4KQNSO5AEMVJF66Q9ASUAAJG[\r][\n]"
12:11:02.351 [Test worker] DEBUG org.apache.http.wire - http-outgoing-1 << "x-amz-crc32: 1867693523[\r][\n]"
12:11:02.351 [Test worker] DEBUG org.apache.http.wire - http-outgoing-1 << "[\r][\n]"
12:11:02.351 [Test worker] DEBUG org.apache.http.wire - http-outgoing-1 << "{"Count":1,"Items":[{"inactive":{"N":"0"},"version":{"N":"1"},"bookId":{"S":"book.a360139e-74d1-49cf-8fdb-3c214b115cd0"},"text":{"S":"text"},"genre":{"S":"TRAVEL"},"title":{"S":"title"},"author":{"S":"author"}}],"ScannedCount":1}"
12:11:02.352 [Test worker] DEBUG org.apache.http.headers - http-outgoing-1 << HTTP/1.1 200 OK
12:11:02.352 [Test worker] DEBUG org.apache.http.headers - http-outgoing-1 << Server: Server
12:11:02.352 [Test worker] DEBUG org.apache.http.headers - http-outgoing-1 << Date: Thu, 02 Jun 2022 19:11:02 GMT
12:11:02.352 [Test worker] DEBUG org.apache.http.headers - http-outgoing-1 << Content-Type: application/x-amz-json-1.0
12:11:02.352 [Test worker] DEBUG org.apache.http.headers - http-outgoing-1 << Content-Length: 229
12:11:02.352 [Test worker] DEBUG org.apache.http.headers - http-outgoing-1 << Connection: keep-alive
12:11:02.352 [Test worker] DEBUG org.apache.http.headers - http-outgoing-1 << x-amzn-RequestId: 2OSMD110JT203PEVEE97GEHHBFVV4KQNSO5AEMVJF66Q9ASUAAJG
12:11:02.352 [Test worker] DEBUG org.apache.http.headers - http-outgoing-1 << x-amz-crc32: 1867693523
12:11:02.352 [Test worker] DEBUG org.apache.http.impl.execchain.MainClientExec - Connection can be kept alive for 60000 MILLISECONDS
12:11:02.352 [Test worker] DEBUG com.amazonaws.retry.ClockSkewAdjuster - Reported server date (from 'Date' header): Thu, 02 Jun 2022 19:11:02 GMT
12:11:02.353 [Test worker] DEBUG org.apache.http.impl.conn.PoolingHttpClientConnectionManager - Connection [id: 1][route: {s}->https://dynamodb.us-west-2.amazonaws.com:443] can be kept alive for 60.0 seconds
12:11:02.353 [Test worker] DEBUG org.apache.http.impl.conn.DefaultManagedHttpClientConnection - http-outgoing-1: set socket timeout to 0
12:11:02.353 [Test worker] DEBUG org.apache.http.impl.conn.PoolingHttpClientConnectionManager - Connection released: [id: 1][route: {s}->https://dynamodb.us-west-2.amazonaws.com:443][total available: 2; route allocated: 2 of 50; total allocated: 2 of 50]
12:11:02.353 [Test worker] DEBUG com.amazonaws.request - Received successful response: 200, AWS Request ID: 2OSMD110JT203PEVEE97GEHHBFVV4KQNSO5AEMVJF66Q9ASUAAJG
12:11:02.353 [Test worker] DEBUG com.amazonaws.requestId - x-amzn-RequestId: 2OSMD110JT203PEVEE97GEHHBFVV4KQNSO5AEMVJF66Q9ASUAAJG
BookPublishingTask is running!!!
BookPublishingTask is running!!!
BookPublishingTask is running!!!
BookPublishingTask is running!!!
BookPublishingTask is running!!!
BookPublishingTask is running!!!
Cleaning up test data, wrote [1] items to DynamoDB.
12:11:08.358 [Test worker] DEBUG com.amazonaws.request - Sending Request: POST https://dynamodb.us-west-2.amazonaws.com / Headers: (amz-sdk-invocation-id: 771e658b-0f16-2aa8-3c88-59a0f5308ab4, Content-Length: 149, Content-Type: application/x-amz-json-1.0, User-Agent: aws-sdk-java/1.11.1020 Mac_OS_X/11.6.4 OpenJDK_64-Bit_Server_VM/11.0.13+8-LTS java/11.0.13 vendor/Amazon.com_Inc. cfg/retry-mode/legacy com.amazonaws.services.dynamodbv2.datamodeling.DynamoDBMapper_batch_operation/1.11.1020, X-Amz-Target: DynamoDB_20120810.BatchWriteItem, ) 
12:11:08.359 [Test worker] DEBUG com.amazonaws.auth.AWS4Signer - AWS4 Canonical Request: '"POST
/

amz-sdk-invocation-id:771e658b-0f16-2aa8-3c88-59a0f5308ab4
amz-sdk-request:ttl=20220602T191158Z;attempt=1;max=11
amz-sdk-retry:0/0/500
content-length:149
content-type:application/x-amz-json-1.0
host:dynamodb.us-west-2.amazonaws.com
user-agent:aws-sdk-java/1.11.1020 Mac_OS_X/11.6.4 OpenJDK_64-Bit_Server_VM/11.0.13+8-LTS java/11.0.13 vendor/Amazon.com_Inc. cfg/retry-mode/legacy com.amazonaws.services.dynamodbv2.datamodeling.DynamoDBMapper_batch_operation/1.11.1020
x-amz-date:20220602T191108Z
x-amz-target:DynamoDB_20120810.BatchWriteItem

amz-sdk-invocation-id;amz-sdk-request;amz-sdk-retry;content-length;content-type;host;user-agent;x-amz-date;x-amz-target
3f2dfd6cc2d2ce01013fe2effa3f5639a64823cf4dde3d043df057977e6e7d5e"
12:11:08.359 [Test worker] DEBUG com.amazonaws.auth.AWS4Signer - AWS4 String to Sign: '"AWS4-HMAC-SHA256
20220602T191108Z
20220602/us-west-2/dynamodb/aws4_request
972e7553a35d0f7bbd20f4046a302028b013dfbc006a54e68e1579b3389dd11a"
12:11:08.360 [Test worker] DEBUG org.apache.http.client.protocol.RequestAddCookies - CookieSpec selected: default
12:11:08.360 [Test worker] DEBUG org.apache.http.client.protocol.RequestAuthCache - Auth cache not set in the context
12:11:08.360 [Test worker] DEBUG org.apache.http.impl.conn.PoolingHttpClientConnectionManager - Connection request: [route: {s}->https://dynamodb.us-west-2.amazonaws.com:443][total available: 1; route allocated: 1 of 50; total allocated: 1 of 50]
12:11:08.361 [Test worker] DEBUG org.apache.http.wire - http-outgoing-0 << "[read] I/O error: Read timed out"
12:11:08.361 [Test worker] DEBUG org.apache.http.impl.conn.PoolingHttpClientConnectionManager - Connection leased: [id: 0][route: {s}->https://dynamodb.us-west-2.amazonaws.com:443][total available: 0; route allocated: 1 of 50; total allocated: 1 of 50]
12:11:08.362 [Test worker] DEBUG org.apache.http.impl.conn.DefaultManagedHttpClientConnection - http-outgoing-0: set socket timeout to 50000
12:11:08.362 [Test worker] DEBUG org.apache.http.impl.conn.DefaultManagedHttpClientConnection - http-outgoing-0: set socket timeout to 50000
12:11:08.362 [Test worker] DEBUG org.apache.http.impl.execchain.MainClientExec - Executing request POST / HTTP/1.1
12:11:08.362 [Test worker] DEBUG org.apache.http.impl.execchain.MainClientExec - Proxy auth state: UNCHALLENGED
12:11:08.362 [Test worker] DEBUG org.apache.http.headers - http-outgoing-0 >> POST / HTTP/1.1
12:11:08.362 [Test worker] DEBUG org.apache.http.headers - http-outgoing-0 >> Host: dynamodb.us-west-2.amazonaws.com
12:11:08.362 [Test worker] DEBUG org.apache.http.headers - http-outgoing-0 >> amz-sdk-invocation-id: 771e658b-0f16-2aa8-3c88-59a0f5308ab4
12:11:08.362 [Test worker] DEBUG org.apache.http.headers - http-outgoing-0 >> amz-sdk-request: ttl=20220602T191158Z;attempt=1;max=11
12:11:08.362 [Test worker] DEBUG org.apache.http.headers - http-outgoing-0 >> amz-sdk-retry: 0/0/500
12:11:08.362 [Test worker] DEBUG org.apache.http.headers - http-outgoing-0 >> Authorization: AWS4-HMAC-SHA256 Credential=AKIA4QVT5K6IDDIUW4SY/20220602/us-west-2/dynamodb/aws4_request, SignedHeaders=amz-sdk-invocation-id;amz-sdk-request;amz-sdk-retry;content-length;content-type;host;user-agent;x-amz-date;x-amz-target, Signature=a5da37f8efb87a703654bd7c38481a90572a69efa6aa6d241afe586ac2f1a522
12:11:08.362 [Test worker] DEBUG org.apache.http.headers - http-outgoing-0 >> Content-Type: application/x-amz-json-1.0
12:11:08.362 [Test worker] DEBUG org.apache.http.headers - http-outgoing-0 >> User-Agent: aws-sdk-java/1.11.1020 Mac_OS_X/11.6.4 OpenJDK_64-Bit_Server_VM/11.0.13+8-LTS java/11.0.13 vendor/Amazon.com_Inc. cfg/retry-mode/legacy com.amazonaws.services.dynamodbv2.datamodeling.DynamoDBMapper_batch_operation/1.11.1020
12:11:08.362 [Test worker] DEBUG org.apache.http.headers - http-outgoing-0 >> X-Amz-Date: 20220602T191108Z
12:11:08.362 [Test worker] DEBUG org.apache.http.headers - http-outgoing-0 >> X-Amz-Target: DynamoDB_20120810.BatchWriteItem
12:11:08.362 [Test worker] DEBUG org.apache.http.headers - http-outgoing-0 >> Content-Length: 149
12:11:08.362 [Test worker] DEBUG org.apache.http.headers - http-outgoing-0 >> Connection: Keep-Alive
12:11:08.362 [Test worker] DEBUG org.apache.http.wire - http-outgoing-0 >> "POST / HTTP/1.1[\r][\n]"
12:11:08.362 [Test worker] DEBUG org.apache.http.wire - http-outgoing-0 >> "Host: dynamodb.us-west-2.amazonaws.com[\r][\n]"
12:11:08.362 [Test worker] DEBUG org.apache.http.wire - http-outgoing-0 >> "amz-sdk-invocation-id: 771e658b-0f16-2aa8-3c88-59a0f5308ab4[\r][\n]"
12:11:08.362 [Test worker] DEBUG org.apache.http.wire - http-outgoing-0 >> "amz-sdk-request: ttl=20220602T191158Z;attempt=1;max=11[\r][\n]"
12:11:08.362 [Test worker] DEBUG org.apache.http.wire - http-outgoing-0 >> "amz-sdk-retry: 0/0/500[\r][\n]"
12:11:08.362 [Test worker] DEBUG org.apache.http.wire - http-outgoing-0 >> "Authorization: AWS4-HMAC-SHA256 Credential=AKIA4QVT5K6IDDIUW4SY/20220602/us-west-2/dynamodb/aws4_request, SignedHeaders=amz-sdk-invocation-id;amz-sdk-request;amz-sdk-retry;content-length;content-type;host;user-agent;x-amz-date;x-amz-target, Signature=a5da37f8efb87a703654bd7c38481a90572a69efa6aa6d241afe586ac2f1a522[\r][\n]"
12:11:08.362 [Test worker] DEBUG org.apache.http.wire - http-outgoing-0 >> "Content-Type: application/x-amz-json-1.0[\r][\n]"
12:11:08.362 [Test worker] DEBUG org.apache.http.wire - http-outgoing-0 >> "User-Agent: aws-sdk-java/1.11.1020 Mac_OS_X/11.6.4 OpenJDK_64-Bit_Server_VM/11.0.13+8-LTS java/11.0.13 vendor/Amazon.com_Inc. cfg/retry-mode/legacy com.amazonaws.services.dynamodbv2.datamodeling.DynamoDBMapper_batch_operation/1.11.1020[\r][\n]"
12:11:08.362 [Test worker] DEBUG org.apache.http.wire - http-outgoing-0 >> "X-Amz-Date: 20220602T191108Z[\r][\n]"
12:11:08.362 [Test worker] DEBUG org.apache.http.wire - http-outgoing-0 >> "X-Amz-Target: DynamoDB_20120810.BatchWriteItem[\r][\n]"
12:11:08.362 [Test worker] DEBUG org.apache.http.wire - http-outgoing-0 >> "Content-Length: 149[\r][\n]"
12:11:08.362 [Test worker] DEBUG org.apache.http.wire - http-outgoing-0 >> "Connection: Keep-Alive[\r][\n]"
12:11:08.362 [Test worker] DEBUG org.apache.http.wire - http-outgoing-0 >> "[\r][\n]"
12:11:08.362 [Test worker] DEBUG org.apache.http.wire - http-outgoing-0 >> "{"RequestItems":{"CatalogItemVersions":[{"DeleteRequest":{"Key":{"bookId":{"S":"book.d4d6c3c3-a8e4-4598-9010-977aae05cac3"},"version":{"N":"1"}}}}]}}"
12:11:08.395 [Test worker] DEBUG org.apache.http.wire - http-outgoing-0 << "HTTP/1.1 200 OK[\r][\n]"
12:11:08.395 [Test worker] DEBUG org.apache.http.wire - http-outgoing-0 << "Server: Server[\r][\n]"
12:11:08.395 [Test worker] DEBUG org.apache.http.wire - http-outgoing-0 << "Date: Thu, 02 Jun 2022 19:11:08 GMT[\r][\n]"
12:11:08.395 [Test worker] DEBUG org.apache.http.wire - http-outgoing-0 << "Content-Type: application/x-amz-json-1.0[\r][\n]"
12:11:08.395 [Test worker] DEBUG org.apache.http.wire - http-outgoing-0 << "Content-Length: 23[\r][\n]"
12:11:08.395 [Test worker] DEBUG org.apache.http.wire - http-outgoing-0 << "Connection: keep-alive[\r][\n]"
12:11:08.395 [Test worker] DEBUG org.apache.http.wire - http-outgoing-0 << "x-amzn-RequestId: QHEUKC9HRS57UJ4EK5LQ7SB0P7VV4KQNSO5AEMVJF66Q9ASUAAJG[\r][\n]"
12:11:08.395 [Test worker] DEBUG org.apache.http.wire - http-outgoing-0 << "x-amz-crc32: 4185382651[\r][\n]"
12:11:08.395 [Test worker] DEBUG org.apache.http.wire - http-outgoing-0 << "[\r][\n]"
12:11:08.395 [Test worker] DEBUG org.apache.http.wire - http-outgoing-0 << "{"UnprocessedItems":{}}"
12:11:08.395 [Test worker] DEBUG org.apache.http.headers - http-outgoing-0 << HTTP/1.1 200 OK
12:11:08.395 [Test worker] DEBUG org.apache.http.headers - http-outgoing-0 << Server: Server
12:11:08.395 [Test worker] DEBUG org.apache.http.headers - http-outgoing-0 << Date: Thu, 02 Jun 2022 19:11:08 GMT
12:11:08.395 [Test worker] DEBUG org.apache.http.headers - http-outgoing-0 << Content-Type: application/x-amz-json-1.0
12:11:08.395 [Test worker] DEBUG org.apache.http.headers - http-outgoing-0 << Content-Length: 23
12:11:08.395 [Test worker] DEBUG org.apache.http.headers - http-outgoing-0 << Connection: keep-alive
12:11:08.395 [Test worker] DEBUG org.apache.http.headers - http-outgoing-0 << x-amzn-RequestId: QHEUKC9HRS57UJ4EK5LQ7SB0P7VV4KQNSO5AEMVJF66Q9ASUAAJG
12:11:08.395 [Test worker] DEBUG org.apache.http.headers - http-outgoing-0 << x-amz-crc32: 4185382651
12:11:08.396 [Test worker] DEBUG org.apache.http.impl.execchain.MainClientExec - Connection can be kept alive for 60000 MILLISECONDS
12:11:08.396 [Test worker] DEBUG com.amazonaws.retry.ClockSkewAdjuster - Reported server date (from 'Date' header): Thu, 02 Jun 2022 19:11:08 GMT
12:11:08.396 [Test worker] DEBUG org.apache.http.impl.conn.PoolingHttpClientConnectionManager - Connection [id: 0][route: {s}->https://dynamodb.us-west-2.amazonaws.com:443] can be kept alive for 60.0 seconds
12:11:08.396 [Test worker] DEBUG org.apache.http.impl.conn.DefaultManagedHttpClientConnection - http-outgoing-0: set socket timeout to 0
12:11:08.396 [Test worker] DEBUG org.apache.http.impl.conn.PoolingHttpClientConnectionManager - Connection released: [id: 0][route: {s}->https://dynamodb.us-west-2.amazonaws.com:443][total available: 1; route allocated: 1 of 50; total allocated: 1 of 50]
12:11:08.396 [Test worker] DEBUG com.amazonaws.request - Received successful response: 200, AWS Request ID: QHEUKC9HRS57UJ4EK5LQ7SB0P7VV4KQNSO5AEMVJF66Q9ASUAAJG
12:11:08.396 [Test worker] DEBUG com.amazonaws.requestId - x-amzn-RequestId: QHEUKC9HRS57UJ4EK5LQ7SB0P7VV4KQNSO5AEMVJF66Q9ASUAAJG
]]></system-out>
  <system-err><![CDATA[]]></system-err>
</testsuite>
